✅ 2025-02-19T02:02:52.162Z: PDF generado: pdfs/1053870486/Maria_Camila_Gómez_100075021.pdf
✅ 2025-02-19T16:32:55.090Z: PDF generado: pdfs/1053870486/Maria_Camila_Gómez_100075021.pdf
✅ 2025-02-19T16:33:45.366Z: PDF generado: pdfs/1053870486/Luis_Franco_123124.pdf
✅ 2025-02-19T16:33:47.440Z: PDF generado: pdfs/1053870486/Lucas_Castillo_36294647.pdf
✅ 2025-02-19T16:33:49.511Z: PDF generado: pdfs/1053870486/Sofía_Ramírez_95059296.pdf
✅ 2025-02-19T16:33:51.575Z: PDF generado: pdfs/1053870486/Maria_Camila_Gómez_100075021.pdf
✅ 2025-03-05T13:21:38.439Z: PDF generado: pdfs/1140841285/JOHANNA_MARGARITA_FONSECA_ALTAMAR_1140841285.pdf
✅ 2025-03-06T14:50:19.728Z: PDF generado: pdfs/1140841285/MARCELA_BETANCOURT_URREA_1088243271.pdf
✅ 2025-03-06T16:21:11.649Z: PDF generado: pdfs/1014196723/HAROLD_HUMBERTO_ROMERO_PIEDRAHITA_16722245.pdf
✅ 2025-03-06T20:23:26.047Z: PDF generado: pdfs/1010074453/YENIFER_FRITZ_PERTUZ_1047335904.pdf
✅ 2025-03-08T13:22:14.217Z: PDF generado: pdfs/1102866136/JAIME_DURAN_PERDOMO_12115950.pdf
✅ 2025-03-08T13:23:04.399Z: PDF generado: pdfs/1102866136/JOSE_MANUEL_SARABIA_ESTEFANELL_1045738852.pdf
✅ 2025-03-08T13:23:44.900Z: PDF generado: pdfs/1102866136/JOSE_MANUEL_SARABIA_ESTEFANELL_1045738852.pdf
✅ 2025-03-08T13:23:46.965Z: PDF generado: pdfs/1102866136/YERLIZ_VANEZZA_MEJIA_JIMENEZ_1140829464.pdf
✅ 2025-03-10T13:57:30.759Z: PDF generado: pdfs/1083034255/SILVINA_SANDRA_BRITOS_318662.pdf
✅ 2025-03-10T17:16:27.002Z: PDF generado: pdfs/1053829359/JULIAN_ANDRES_CORTES_BUENO_1053829359.pdf
✅ 2025-03-10T17:25:12.134Z: PDF generado: pdfs/1053829359/FERNANDO_HUGO_RIVERA_SALCEDO_15814108.pdf
✅ 2025-03-10T17:25:14.300Z: PDF generado: pdfs/1053829359/ZOILA_ROSA_PARRA_ECHEVERRY_30318540.pdf
✅ 2025-03-10T17:25:16.474Z: PDF generado: pdfs/1053829359/MARIA_ZORAIDA_BERNAL_IDARRAGA_30329392.pdf
✅ 2025-03-10T17:25:18.621Z: PDF generado: pdfs/1053829359/SHAGIRA_FLOREZ_PEÑA_36711508.pdf
✅ 2025-03-10T17:25:20.766Z: PDF generado: pdfs/1053829359/MONICA_REYES_OSPINA_41952002.pdf
✅ 2025-03-10T17:25:22.913Z: PDF generado: pdfs/1053829359/SHIRLEY_DEL_ROSARIO_CARABALLO_VASQUEZ_45688484.pdf
✅ 2025-03-10T17:25:25.067Z: PDF generado: pdfs/1053829359/DEISY_JOHANA_ESCUDERO_CARDENAS_66683366.pdf
✅ 2025-03-10T17:25:27.225Z: PDF generado: pdfs/1053829359/CARLOS_ARTURO_IDARRAGA_BEDOYA_75069542.pdf
✅ 2025-03-10T17:25:29.374Z: PDF generado: pdfs/1053829359/LAURA_FERNANDA_MENDEZ_RUEDA_1010132000.pdf
✅ 2025-03-10T17:25:31.521Z: PDF generado: pdfs/1053829359/JULIAN_ANDRES_CORTES_BUENO_1053829359.pdf
✅ 2025-03-10T17:25:33.672Z: PDF generado: pdfs/1053829359/NASLY_VIVIANA_HERNANDEZ_PATARROYO_1053855781.pdf
✅ 2025-03-10T17:25:35.819Z: PDF generado: pdfs/1053829359/MARIANA_NARVAEZ_OSPINA_1054857464.pdf
✅ 2025-03-10T17:25:37.972Z: PDF generado: pdfs/1053829359/LUISA_MARIA_GIRALDO_MARTINEZ_1054997075.pdf
✅ 2025-03-10T17:25:40.117Z: PDF generado: pdfs/1053829359/LAURA_ALEJANDRA_CASTAÑO_OTALVARO_1059815051.pdf
✅ 2025-03-10T17:25:42.275Z: PDF generado: pdfs/1053829359/MARIA_ALEJANDRA_RAMIREZ_MARTINEZ_1065138530.pdf
✅ 2025-03-10T17:25:44.426Z: PDF generado: pdfs/1053829359/CATALINA_ORTIZ_MURIEL_1087552819.pdf
✅ 2025-03-10T17:25:46.576Z: PDF generado: pdfs/1053829359/JULIANA_GARCIA_OSPINA_1093221655.pdf
✅ 2025-03-10T17:25:48.728Z: PDF generado: pdfs/1053829359/DAYANA_CAROLINA_MENDOZA_ORTEGA_1122416283.pdf
✅ 2025-03-10T17:25:50.873Z: PDF generado: pdfs/1053829359/IVAN_RENE_GUTIERREZ_PUSHAINA_1124074233.pdf
✅ 2025-03-10T17:30:44.668Z: PDF generado: pdfs/1053829359/LAURA_FERNANDA_MENDEZ_RUEDA_1010132000.pdf
✅ 2025-03-10T17:30:46.950Z: PDF generado: pdfs/1053829359/JULIAN_ANDRES_CORTES_BUENO_1053829359.pdf
✅ 2025-03-10T17:30:49.141Z: PDF generado: pdfs/1053829359/MARIANA_NARVAEZ_OSPINA_1054857464.pdf
✅ 2025-03-10T17:30:51.397Z: PDF generado: pdfs/1053829359/LUISA_MARIA_GIRALDO_MARTINEZ_1054997075.pdf
✅ 2025-03-10T17:30:53.606Z: PDF generado: pdfs/1053829359/LAURA_ALEJANDRA_CASTAÑO_OTALVARO_1059815051.pdf
✅ 2025-03-10T17:30:55.774Z: PDF generado: pdfs/1053829359/MARIA_ALEJANDRA_RAMIREZ_MARTINEZ_1065138530.pdf
✅ 2025-03-10T17:30:57.924Z: PDF generado: pdfs/1053829359/CATALINA_ORTIZ_MURIEL_1087552819.pdf
✅ 2025-03-10T17:31:00.071Z: PDF generado: pdfs/1053829359/JULIANA_GARCIA_OSPINA_1093221655.pdf
✅ 2025-03-10T17:31:02.225Z: PDF generado: pdfs/1053829359/DAYANA_CAROLINA_MENDOZA_ORTEGA_1122416283.pdf
✅ 2025-03-10T17:31:04.382Z: PDF generado: pdfs/1053829359/IVAN_RENE_GUTIERREZ_PUSHAINA_1124074233.pdf
✅ 2025-03-10T17:31:41.656Z: PDF generado: pdfs/1053829359/LAURA_FERNANDA_MENDEZ_RUEDA_1010132000.pdf
✅ 2025-03-10T17:31:43.805Z: PDF generado: pdfs/1053829359/JULIAN_ANDRES_CORTES_BUENO_1053829359.pdf
✅ 2025-03-10T17:32:28.310Z: PDF generado: pdfs/1053829359/SHAGIRA_FLOREZ_PEÑA_36711508.pdf
✅ 2025-03-10T17:32:30.491Z: PDF generado: pdfs/1053829359/JULIAN_ANDRES_CORTES_BUENO_1053829359.pdf
✅ 2025-03-10T17:33:43.107Z: PDF generado: pdfs/1053829359/SHAGIRA_FLOREZ_PEÑA_36711508.pdf
✅ 2025-03-10T17:33:45.257Z: PDF generado: pdfs/1053829359/JULIAN_ANDRES_CORTES_BUENO_1053829359.pdf
✅ 2025-03-10T17:33:47.403Z: PDF generado: pdfs/1053829359/LAURA_ALEJANDRA_CASTAÑO_OTALVARO_1059815051.pdf
✅ 2025-03-10T22:21:54.562Z: PDF generado: pdfs/1102866136/XIOMARA_ALEJANDRA_MAURY_PACHECO_1042437499.pdf
✅ 2025-03-12T14:26:35.376Z: PDF generado: pdfs/1088305205/HAROLD_HUMBERTO_ROMERO_PIEDRAHITA_16722245.pdf
✅ 2025-03-12T14:29:04.680Z: PDF generado: pdfs/1053870486/HAROLD_HUMBERTO_ROMERO_PIEDRAHITA_16722245.pdf
✅ 2025-03-12T16:22:44.644Z: PDF generado: pdfs/1102866136/NESTOR_CARLOS_TEJERA_GALLARDO_3738558.pdf
✅ 2025-03-12T16:22:46.810Z: PDF generado: pdfs/1102866136/LUIS_ANTONIO_NAVARRO_YEPES_8508695.pdf
✅ 2025-03-12T16:22:48.917Z: PDF generado: pdfs/1102866136/DAMIAN_ELIECER_PALENCIA_BARRIENTOS_8567780.pdf
✅ 2025-03-12T16:22:50.996Z: PDF generado: pdfs/1102866136/HERIBERTO_ALFONSO_LOPEZ_GARCIA_8665964.pdf
✅ 2025-03-12T16:22:53.063Z: PDF generado: pdfs/1102866136/JAIME_DURAN_PERDOMO_12115950.pdf
✅ 2025-03-12T16:22:55.131Z: PDF generado: pdfs/1102866136/ALVARO_RICARDO_BURBANO_MUÑOZ_13008766.pdf
✅ 2025-03-12T16:22:57.261Z: PDF generado: pdfs/1102866136/WALDIR_SNEIDER_JIMENEZ_CORONEL_19618807.pdf
✅ 2025-03-12T16:22:59.344Z: PDF generado: pdfs/1102866136/KATERINE_DEL_PILAR_TAFUR_MARAÑON_22477721.pdf
✅ 2025-03-12T16:23:01.418Z: PDF generado: pdfs/1102866136/ELIETH_LUCIA_CORRALES_BROCHERO_22483894.pdf
✅ 2025-03-12T16:23:03.484Z: PDF generado: pdfs/1102866136/ERIKA_PATRICIA_BARCELO_CERVANTES_22617927.pdf
✅ 2025-03-12T16:23:05.554Z: PDF generado: pdfs/1102866136/YAIRA_KARINA_IBAÑEZ_RODRIGUEZ_22642671.pdf
✅ 2025-03-12T16:23:07.617Z: PDF generado: pdfs/1102866136/KELLY_MERCEDES_GALVEZ_ORTIZ_22648270.pdf
✅ 2025-03-12T16:23:09.677Z: PDF generado: pdfs/1102866136/CLAUDIA_ESTHER_OROZCO_CERPA_22675149.pdf
✅ 2025-03-12T16:23:11.739Z: PDF generado: pdfs/1102866136/NELVIS_ESTHER_MORENO_BALLESTAS_22731902.pdf
✅ 2025-03-12T16:23:13.802Z: PDF generado: pdfs/1102866136/YALEIDYS_DEL_CARMEN_MURILLO_MIRANDA_22733222.pdf
✅ 2025-03-12T16:23:15.866Z: PDF generado: pdfs/1102866136/MALKA_DEL_CARMEN_GUTIERREZ_THOMAS_32581371.pdf
✅ 2025-03-12T16:23:17.929Z: PDF generado: pdfs/1102866136/PAOLA_ANDREA_CASTAÑEDA_ORTIZ_32789280.pdf
✅ 2025-03-12T16:23:19.997Z: PDF generado: pdfs/1102866136/BEATRIZ_ELENA_MARTINEZ_BONETT_32791185.pdf
✅ 2025-03-12T16:23:22.057Z: PDF generado: pdfs/1102866136/CARMEN_AMPARO_ALMANZA_MARTINEZ_32791730.pdf
✅ 2025-03-12T16:23:24.133Z: PDF generado: pdfs/1102866136/JOHYS_PATRICIA_DE_ALBA_CASTRO_32803784.pdf
✅ 2025-03-12T16:23:26.201Z: PDF generado: pdfs/1102866136/YASMINE_DE_LOS_REYES_NAVARRO_32852791.pdf
✅ 2025-03-12T16:23:28.263Z: PDF generado: pdfs/1102866136/BELKYS_ESTHER_MERIÑO_SARMIENTO_32881777.pdf
✅ 2025-03-12T16:23:30.333Z: PDF generado: pdfs/1102866136/MARBEL_LUZ_GAMEZ_BARROS_32885339.pdf
✅ 2025-03-12T16:23:32.440Z: PDF generado: pdfs/1102866136/BERTA_SOFIA_SUAREZ_BELEÑO_33208514.pdf
✅ 2025-03-12T16:23:34.538Z: PDF generado: pdfs/1102866136/ELVIRA_ROSA_ARIAS_CORTEZ_33223227.pdf
✅ 2025-03-12T16:23:36.625Z: PDF generado: pdfs/1102866136/ANGELICA_MARIA_PATIÑO_ACEVEDO_44191404.pdf
✅ 2025-03-12T16:23:38.713Z: PDF generado: pdfs/1102866136/LUCY_MARINA_PEREIRA_ROCA_45463985.pdf
✅ 2025-03-12T16:23:40.774Z: PDF generado: pdfs/1102866136/THALIA_GABRIELA_CABALLERO_PEREZ_50909865.pdf
✅ 2025-03-12T16:23:42.540Z: PDF generado: pdfs/1102866136/VILMA_MARCELA_PAEZ_HERRERA_52409197.pdf
✅ 2025-03-12T16:23:44.616Z: PDF generado: pdfs/1102866136/NICOLASA_DEL_CARMEN_ALVAREZ_TORREGROZA_55224607.pdf
✅ 2025-03-12T16:23:46.677Z: PDF generado: pdfs/1102866136/RUTH_YADIRA_GUERRERO_MARTES_55238037.pdf
✅ 2025-03-12T16:23:48.736Z: PDF generado: pdfs/1102866136/MARIA_CLAUDIA_CANO_IBARRA_56098194.pdf
✅ 2025-03-12T16:23:50.802Z: PDF generado: pdfs/1102866136/SARA_ELENA_PERTUZ_SALAS_57307952.pdf
✅ 2025-03-12T16:23:52.861Z: PDF generado: pdfs/1102866136/JAVIER_EDUARDO_SOTO_FONTALVO_72015940.pdf
✅ 2025-03-12T16:23:54.986Z: PDF generado: pdfs/1102866136/LENIN_ALFONSO_VASQUEZ_72225584.pdf
✅ 2025-03-12T16:23:57.112Z: PDF generado: pdfs/1102866136/MIGUEL_ANGEL_DE_ALBA_VARELA_72237714.pdf
✅ 2025-03-12T16:23:59.177Z: PDF generado: pdfs/1102866136/ALMIR_DE_JESUS_RIVALDO_DIAZ_72254665.pdf
✅ 2025-03-12T16:24:01.334Z: PDF generado: pdfs/1102866136/JESUS_DAVID_ACOSTA_SOTO_72293419.pdf
✅ 2025-03-12T16:24:03.457Z: PDF generado: pdfs/1102866136/ENRIQUE_LUIS_MURGAS_BALMACEDA_77093222.pdf
✅ 2025-03-12T16:24:05.559Z: PDF generado: pdfs/1102866136/ADAEL_ENRIQUE_RODRIGUEZ_ROCHA_80098002.pdf
✅ 2025-03-12T16:24:07.635Z: PDF generado: pdfs/1102866136/DAVID_ALONSO_ESCORCIA_RODRIGUEZ_85050360.pdf
✅ 2025-03-12T16:24:09.700Z: PDF generado: pdfs/1102866136/ROMAN_DE_LA_ROSA_ROSA_MONTENEGRO_85467125.pdf
✅ 2025-03-12T16:24:11.769Z: PDF generado: pdfs/1102866136/JORGE_BENITOREVOLLO_VERGEL_92447882.pdf
✅ 2025-03-12T16:24:13.866Z: PDF generado: pdfs/1102866136/KEVIN_ANDRES_CASTRO_CORONADO_1001866787.pdf
✅ 2025-03-12T16:24:15.943Z: PDF generado: pdfs/1102866136/MARIETH_SANDRITH_HERNANDEZ_HERNANDEZ_1002153004.pdf
✅ 2025-03-12T16:24:18.006Z: PDF generado: pdfs/1102866136/YENIS_DEL_CARMEN_REGINO_PEREZ_1007925643.pdf
✅ 2025-03-12T16:24:20.094Z: PDF generado: pdfs/1102866136/NATALIA_ANDREA_LOAIZA_MARIN_1035417382.pdf
✅ 2025-03-12T16:24:22.157Z: PDF generado: pdfs/1102866136/YEFFER_ESTIBEL_GOMEZ_GUTIERREZ_1042350705.pdf
✅ 2025-03-12T16:24:24.218Z: PDF generado: pdfs/1102866136/LEONEL_JESUS_OSORIO_VARGAS_1042353875.pdf
✅ 2025-03-12T16:24:26.281Z: PDF generado: pdfs/1102866136/XIOMARA_ALEJANDRA_MAURY_PACHECO_1042437499.pdf
✅ 2025-03-12T16:24:28.341Z: PDF generado: pdfs/1102866136/ISRAEL_DE_JESUS_IBAÑEZ_CAMPANELLI_1042438719.pdf
✅ 2025-03-12T16:24:30.403Z: PDF generado: pdfs/1102866136/ROYMAN_EDUARDO_ROJAS_NORIEGA_1042452108.pdf
✅ 2025-03-12T16:24:32.473Z: PDF generado: pdfs/1102866136/ARNALDO_SANDOVAL_CRESPO_1043014099.pdf
✅ 2025-03-12T16:24:34.541Z: PDF generado: pdfs/1102866136/JESUS_DAVID_GUZMAN_MUÑOZ_1043025637.pdf
✅ 2025-03-12T16:24:36.662Z: PDF generado: pdfs/1102866136/KATHEENL_MELISSA_GUETTE_PAEZ_1043846718.pdf
✅ 2025-03-12T16:24:38.747Z: PDF generado: pdfs/1102866136/PIMIENTA_MOSQUERA_DOUGLAS_FERNANDO_1045667870.pdf
✅ 2025-03-12T16:24:40.813Z: PDF generado: pdfs/1102866136/ELIANA_CAROLINA_RODRIGUEZ_RIOS_1045693507.pdf
✅ 2025-03-12T16:24:42.878Z: PDF generado: pdfs/1102866136/YENIFFER_PATRICIA_ACOSTA_TORRES_1045701645.pdf
✅ 2025-03-12T16:24:44.954Z: PDF generado: pdfs/1102866136/WILLIAM_DE_JESUS_DOMINGUEZ_DE_LA_HOZ_1045704220.pdf
✅ 2025-03-12T16:24:47.027Z: PDF generado: pdfs/1102866136/ANDRES_CAMILO_VILLANUEVA_CARBONELL_1045721072.pdf
✅ 2025-03-12T16:24:49.087Z: PDF generado: pdfs/1102866136/MAYRA_ALEJANDRA_ANGULO_FAILLACE_1045729551.pdf
✅ 2025-03-12T16:24:51.149Z: PDF generado: pdfs/1102866136/FLOR_DAYANA_HERRERA_HERNANDEZ_1045737545.pdf
✅ 2025-03-12T16:24:53.217Z: PDF generado: pdfs/1102866136/JOSE_MANUEL_SARABIA_ESTEFANELL_1045738852.pdf
✅ 2025-03-12T16:24:55.284Z: PDF generado: pdfs/1102866136/ALVARO_JOSE_CUELLAR_MORALES_1045740858.pdf
✅ 2025-03-12T16:24:57.348Z: PDF generado: pdfs/1102866136/STEFY_NOHAMY_MOLINARES_ARROYO_1045746908.pdf
✅ 2025-03-12T16:24:59.415Z: PDF generado: pdfs/1102866136/CLAUDIA_MARCELA_DE_LA_HOZ_TRILLOS_1045751528.pdf
✅ 2025-03-12T16:25:01.481Z: PDF generado: pdfs/1102866136/KATHERIN_EDITH_RODRIGUEZ_RETAMOZA_1045755326.pdf
✅ 2025-03-12T16:25:03.553Z: PDF generado: pdfs/1102866136/ELIAS_MOISES_DEL_VALLE_VISBAL_1045756054.pdf
✅ 2025-03-12T16:25:05.618Z: PDF generado: pdfs/1102866136/ANDRY_MARIA_ZAPATA_POLO_1046873009.pdf
✅ 2025-03-12T16:25:07.683Z: PDF generado: pdfs/1102866136/KELLY_PAOLA_MARRUGO_GUTIERREZ_1047227670.pdf
✅ 2025-03-12T16:25:09.751Z: PDF generado: pdfs/1102866136/CARMEN_ELENA_CASTRO_BOCANEGRA_1065138542.pdf
✅ 2025-03-12T16:25:11.813Z: PDF generado: pdfs/1102866136/HECTOR_IGNACIO_PERALTA_MARTINEZ_1067908033.pdf
✅ 2025-03-12T16:25:13.908Z: PDF generado: pdfs/1102866136/ABELARDO_MANUEL_RIVERA_FONSECA_1083433964.pdf
✅ 2025-03-12T16:25:15.997Z: PDF generado: pdfs/1102866136/YADIRA_PAOLA_HORMAZA_RICARDO_1102809149.pdf
✅ 2025-03-12T16:25:18.064Z: PDF generado: pdfs/1102866136/KAREN_PAOLA_ARRIETA_DIAZ_1102830333.pdf
✅ 2025-03-12T16:25:20.129Z: PDF generado: pdfs/1102866136/JESUS_RAFAEL_DE_LA_ROSA_LOZANO_1128129780.pdf
✅ 2025-03-12T16:25:22.225Z: PDF generado: pdfs/1102866136/ZULIBED_MENDOZA_MENDOZA_1129485131.pdf
✅ 2025-03-12T16:25:24.315Z: PDF generado: pdfs/1102866136/YOLIMAR_BENAVIDES_SIERRA_1129488173.pdf
✅ 2025-03-12T16:25:26.373Z: PDF generado: pdfs/1102866136/CESAR_MIGUEL_SALAS_PAREJO_1129512575.pdf
✅ 2025-03-12T16:25:28.437Z: PDF generado: pdfs/1102866136/JULIE_VANNESA_AGUIRRE_CASTRO_1129523037.pdf
✅ 2025-03-12T16:25:30.500Z: PDF generado: pdfs/1102866136/XENIA_MARIA_CAMPO_FUENTES_1129570920.pdf
✅ 2025-03-12T16:25:32.563Z: PDF generado: pdfs/1102866136/ESTEFANIA_VITOLA_MENDEZ_1129577334.pdf
✅ 2025-03-12T16:25:34.621Z: PDF generado: pdfs/1102866136/AYLEEN_SAYLETH_PAEZ_ROMERO_1129579393.pdf
✅ 2025-03-12T16:25:36.683Z: PDF generado: pdfs/1102866136/YERLIZ_VANEZZA_MEJIA_JIMENEZ_1140829464.pdf
✅ 2025-03-12T16:25:38.743Z: PDF generado: pdfs/1102866136/ALINA_VICTORIA_SCHOONEWOLFF_MARTINEZ_1140831499.pdf
✅ 2025-03-12T16:25:40.805Z: PDF generado: pdfs/1102866136/JOWARD_JESUS_VILLARREAL_NIEBLES_1140848718.pdf
✅ 2025-03-12T16:25:42.866Z: PDF generado: pdfs/1102866136/ANDRES_FELIPE_BARRAZA_MOSCOTE_1140860296.pdf
✅ 2025-03-12T16:25:44.928Z: PDF generado: pdfs/1102866136/ANGIE_LORAINE_RODRIGUEZ_FONTALVO_1140864948.pdf
✅ 2025-03-12T16:25:46.987Z: PDF generado: pdfs/1102866136/AMET_JESUS_DAVID_GONZALEZ_1140869057.pdf
✅ 2025-03-12T16:25:49.049Z: PDF generado: pdfs/1102866136/YURLEY_PAOLA_ROJAS_SILVA_1140872621.pdf
✅ 2025-03-12T16:25:51.122Z: PDF generado: pdfs/1102866136/CRISTYL_JULIETH_CHARRIS_ROJAS_1140874319.pdf
✅ 2025-03-12T16:25:53.196Z: PDF generado: pdfs/1102866136/LUIS_ALFONSO_LYONS_VALERO_1140876484.pdf
✅ 2025-03-12T16:25:55.255Z: PDF generado: pdfs/1102866136/MELISSA_ALEJANDRA_MENDOZA_BARRIOS_1140876571.pdf
✅ 2025-03-12T16:25:57.314Z: PDF generado: pdfs/1102866136/MERLIS_RAMOS_LAGARES_1140886509.pdf
✅ 2025-03-12T16:25:59.389Z: PDF generado: pdfs/1102866136/DIEGO_JOSE_YANCE_RICARDO_1140897670.pdf
✅ 2025-03-12T16:26:01.480Z: PDF generado: pdfs/1102866136/ELIANETH_SARAY_SERRANO_GUTIERREZ_1140900177.pdf
✅ 2025-03-12T16:26:03.541Z: PDF generado: pdfs/1102866136/LAURA_ISABEL_FONTLAVO_MARCELES_1140900742.pdf
✅ 2025-03-12T16:26:05.609Z: PDF generado: pdfs/1102866136/MARIA_CAMILIA_CERRA_PEREZ_1143116904.pdf
✅ 2025-03-12T16:26:07.671Z: PDF generado: pdfs/1102866136/DAYANA_STEFFANY_PARRA_PARRA_1143132286.pdf
✅ 2025-03-12T16:26:09.731Z: PDF generado: pdfs/1102866136/LAURA_VANESSA_GONZALEZRUBIO_ARROYO_1143145224.pdf
✅ 2025-03-12T16:26:11.793Z: PDF generado: pdfs/1102866136/JULIO_DE_JESUS_ROMAÑA_VALENCIA_1143162064.pdf
✅ 2025-03-12T16:26:13.853Z: PDF generado: pdfs/1102866136/JESUS_DAVID_DIAZ_MACHADO_1143269230.pdf
✅ 2025-03-12T16:26:15.913Z: PDF generado: pdfs/1102866136/CINDY_CAROLINA_LARA_ARIAS_1143424177.pdf
✅ 2025-03-12T16:26:17.976Z: PDF generado: pdfs/1102866136/MASSIEL_JOHANA_BUELVAS_ZAMBRANO_1143432646.pdf
✅ 2025-03-12T16:26:20.036Z: PDF generado: pdfs/1102866136/KELLY_JOHANA_MORALES_HERNANDEZ_1143437838.pdf
✅ 2025-03-12T16:26:22.102Z: PDF generado: pdfs/1102866136/LUZ_ESTELA_GARCIA_TAPIA_1143458446.pdf
✅ 2025-03-12T16:26:24.161Z: PDF generado: pdfs/1102866136/LINA_MARCELA_RODRIGUEZ_RODRIGUEZ_1192925434.pdf
✅ 2025-03-12T16:26:26.224Z: PDF generado: pdfs/1102866136/YULITZA_INOA_MAJANRRES_LUGO_1193577084.pdf
✅ 2025-03-12T16:26:28.306Z: PDF generado: pdfs/1102866136/LAURA_MARCELA_CEPEDA_POTE_1234089697.pdf
✅ 2025-03-12T16:26:30.387Z: PDF generado: pdfs/1102866136/JUAN_ESTEBAN_ARAQUE_TORRADO_1234097071.pdf
✅ 2025-03-12T16:26:32.448Z: PDF generado: pdfs/1102866136/MARIANA_SARABIA_RODRIGUEZ_1234890704.pdf
✅ 2025-03-12T16:28:18.934Z: PDF generado: pdfs/1102866136/NESTOR_CARLOS_TEJERA_GALLARDO_3738558.pdf
✅ 2025-03-12T16:28:21.015Z: PDF generado: pdfs/1102866136/LUIS_ANTONIO_NAVARRO_YEPES_8508695.pdf
✅ 2025-03-12T16:28:23.089Z: PDF generado: pdfs/1102866136/DAMIAN_ELIECER_PALENCIA_BARRIENTOS_8567780.pdf
✅ 2025-03-12T16:28:25.153Z: PDF generado: pdfs/1102866136/HERIBERTO_ALFONSO_LOPEZ_GARCIA_8665964.pdf
✅ 2025-03-12T16:28:27.212Z: PDF generado: pdfs/1102866136/JAIME_DURAN_PERDOMO_12115950.pdf
✅ 2025-03-12T16:28:29.273Z: PDF generado: pdfs/1102866136/ALVARO_RICARDO_BURBANO_MUÑOZ_13008766.pdf
✅ 2025-03-12T16:28:31.332Z: PDF generado: pdfs/1102866136/WALDIR_SNEIDER_JIMENEZ_CORONEL_19618807.pdf
✅ 2025-03-12T16:28:33.391Z: PDF generado: pdfs/1102866136/KATERINE_DEL_PILAR_TAFUR_MARAÑON_22477721.pdf
✅ 2025-03-12T16:28:35.466Z: PDF generado: pdfs/1102866136/ELIETH_LUCIA_CORRALES_BROCHERO_22483894.pdf
✅ 2025-03-12T16:28:37.537Z: PDF generado: pdfs/1102866136/ERIKA_PATRICIA_BARCELO_CERVANTES_22617927.pdf
✅ 2025-03-12T16:28:39.596Z: PDF generado: pdfs/1102866136/YAIRA_KARINA_IBAÑEZ_RODRIGUEZ_22642671.pdf
✅ 2025-03-12T16:28:41.665Z: PDF generado: pdfs/1102866136/KELLY_MERCEDES_GALVEZ_ORTIZ_22648270.pdf
✅ 2025-03-12T16:28:43.736Z: PDF generado: pdfs/1102866136/CLAUDIA_ESTHER_OROZCO_CERPA_22675149.pdf
✅ 2025-03-12T16:28:45.805Z: PDF generado: pdfs/1102866136/NELVIS_ESTHER_MORENO_BALLESTAS_22731902.pdf
✅ 2025-03-12T16:28:47.884Z: PDF generado: pdfs/1102866136/YALEIDYS_DEL_CARMEN_MURILLO_MIRANDA_22733222.pdf
✅ 2025-03-12T16:28:49.965Z: PDF generado: pdfs/1102866136/MALKA_DEL_CARMEN_GUTIERREZ_THOMAS_32581371.pdf
✅ 2025-03-12T16:28:52.032Z: PDF generado: pdfs/1102866136/PAOLA_ANDREA_CASTAÑEDA_ORTIZ_32789280.pdf
✅ 2025-03-12T16:28:54.102Z: PDF generado: pdfs/1102866136/BEATRIZ_ELENA_MARTINEZ_BONETT_32791185.pdf
✅ 2025-03-12T16:28:56.167Z: PDF generado: pdfs/1102866136/CARMEN_AMPARO_ALMANZA_MARTINEZ_32791730.pdf
✅ 2025-03-12T16:28:58.230Z: PDF generado: pdfs/1102866136/JOHYS_PATRICIA_DE_ALBA_CASTRO_32803784.pdf
✅ 2025-03-12T16:29:00.291Z: PDF generado: pdfs/1102866136/YASMINE_DE_LOS_REYES_NAVARRO_32852791.pdf
✅ 2025-03-12T16:29:02.363Z: PDF generado: pdfs/1102866136/BELKYS_ESTHER_MERIÑO_SARMIENTO_32881777.pdf
✅ 2025-03-12T16:29:04.432Z: PDF generado: pdfs/1102866136/MARBEL_LUZ_GAMEZ_BARROS_32885339.pdf
✅ 2025-03-12T16:29:06.498Z: PDF generado: pdfs/1102866136/BERTA_SOFIA_SUAREZ_BELEÑO_33208514.pdf
✅ 2025-03-12T16:29:08.559Z: PDF generado: pdfs/1102866136/ELVIRA_ROSA_ARIAS_CORTEZ_33223227.pdf
✅ 2025-03-12T16:29:10.626Z: PDF generado: pdfs/1102866136/ANGELICA_MARIA_PATIÑO_ACEVEDO_44191404.pdf
✅ 2025-03-12T16:29:12.709Z: PDF generado: pdfs/1102866136/LUCY_MARINA_PEREIRA_ROCA_45463985.pdf
✅ 2025-03-12T16:29:14.831Z: PDF generado: pdfs/1102866136/THALIA_GABRIELA_CABALLERO_PEREZ_50909865.pdf
✅ 2025-03-12T16:29:16.932Z: PDF generado: pdfs/1102866136/VILMA_MARCELA_PAEZ_HERRERA_52409197.pdf
✅ 2025-03-12T16:29:18.997Z: PDF generado: pdfs/1102866136/NICOLASA_DEL_CARMEN_ALVAREZ_TORREGROZA_55224607.pdf
✅ 2025-03-12T16:29:21.064Z: PDF generado: pdfs/1102866136/RUTH_YADIRA_GUERRERO_MARTES_55238037.pdf
✅ 2025-03-12T16:29:23.125Z: PDF generado: pdfs/1102866136/MARIA_CLAUDIA_CANO_IBARRA_56098194.pdf
✅ 2025-03-12T16:29:25.187Z: PDF generado: pdfs/1102866136/SARA_ELENA_PERTUZ_SALAS_57307952.pdf
✅ 2025-03-12T16:29:27.251Z: PDF generado: pdfs/1102866136/JAVIER_EDUARDO_SOTO_FONTALVO_72015940.pdf
✅ 2025-03-12T16:29:29.309Z: PDF generado: pdfs/1102866136/LENIN_ALFONSO_VASQUEZ_72225584.pdf
✅ 2025-03-12T16:29:31.376Z: PDF generado: pdfs/1102866136/MIGUEL_ANGEL_DE_ALBA_VARELA_72237714.pdf
✅ 2025-03-12T16:29:33.453Z: PDF generado: pdfs/1102866136/ALMIR_DE_JESUS_RIVALDO_DIAZ_72254665.pdf
✅ 2025-03-12T16:29:35.562Z: PDF generado: pdfs/1102866136/JESUS_DAVID_ACOSTA_SOTO_72293419.pdf
✅ 2025-03-12T16:29:37.661Z: PDF generado: pdfs/1102866136/ENRIQUE_LUIS_MURGAS_BALMACEDA_77093222.pdf
✅ 2025-03-12T16:29:39.737Z: PDF generado: pdfs/1102866136/ADAEL_ENRIQUE_RODRIGUEZ_ROCHA_80098002.pdf
✅ 2025-03-12T16:29:41.824Z: PDF generado: pdfs/1102866136/DAVID_ALONSO_ESCORCIA_RODRIGUEZ_85050360.pdf
✅ 2025-03-12T16:29:43.903Z: PDF generado: pdfs/1102866136/ROMAN_DE_LA_ROSA_ROSA_MONTENEGRO_85467125.pdf
✅ 2025-03-12T16:29:45.989Z: PDF generado: pdfs/1102866136/JORGE_BENITOREVOLLO_VERGEL_92447882.pdf
✅ 2025-03-12T16:29:48.056Z: PDF generado: pdfs/1102866136/KEVIN_ANDRES_CASTRO_CORONADO_1001866787.pdf
✅ 2025-03-12T16:29:50.124Z: PDF generado: pdfs/1102866136/MARIETH_SANDRITH_HERNANDEZ_HERNANDEZ_1002153004.pdf
✅ 2025-03-12T16:29:52.197Z: PDF generado: pdfs/1102866136/YENIS_DEL_CARMEN_REGINO_PEREZ_1007925643.pdf
✅ 2025-03-12T16:29:54.277Z: PDF generado: pdfs/1102866136/NATALIA_ANDREA_LOAIZA_MARIN_1035417382.pdf
✅ 2025-03-12T16:29:56.347Z: PDF generado: pdfs/1102866136/YEFFER_ESTIBEL_GOMEZ_GUTIERREZ_1042350705.pdf
✅ 2025-03-12T16:29:58.409Z: PDF generado: pdfs/1102866136/LEONEL_JESUS_OSORIO_VARGAS_1042353875.pdf
✅ 2025-03-12T16:30:00.477Z: PDF generado: pdfs/1102866136/XIOMARA_ALEJANDRA_MAURY_PACHECO_1042437499.pdf
✅ 2025-03-12T16:30:02.539Z: PDF generado: pdfs/1102866136/ISRAEL_DE_JESUS_IBAÑEZ_CAMPANELLI_1042438719.pdf
✅ 2025-03-12T16:30:04.612Z: PDF generado: pdfs/1102866136/ROYMAN_EDUARDO_ROJAS_NORIEGA_1042452108.pdf
✅ 2025-03-12T16:30:06.688Z: PDF generado: pdfs/1102866136/ARNALDO_SANDOVAL_CRESPO_1043014099.pdf
✅ 2025-03-12T16:30:08.755Z: PDF generado: pdfs/1102866136/JESUS_DAVID_GUZMAN_MUÑOZ_1043025637.pdf
✅ 2025-03-12T16:30:10.854Z: PDF generado: pdfs/1102866136/KATHEENL_MELISSA_GUETTE_PAEZ_1043846718.pdf
✅ 2025-03-12T16:30:12.934Z: PDF generado: pdfs/1102866136/PIMIENTA_MOSQUERA_DOUGLAS_FERNANDO_1045667870.pdf
✅ 2025-03-12T16:30:14.997Z: PDF generado: pdfs/1102866136/ELIANA_CAROLINA_RODRIGUEZ_RIOS_1045693507.pdf
✅ 2025-03-12T16:30:17.059Z: PDF generado: pdfs/1102866136/YENIFFER_PATRICIA_ACOSTA_TORRES_1045701645.pdf
✅ 2025-03-12T16:30:19.119Z: PDF generado: pdfs/1102866136/WILLIAM_DE_JESUS_DOMINGUEZ_DE_LA_HOZ_1045704220.pdf
✅ 2025-03-12T16:30:21.725Z: PDF generado: pdfs/1102866136/ANDRES_CAMILO_VILLANUEVA_CARBONELL_1045721072.pdf
✅ 2025-03-12T16:30:23.786Z: PDF generado: pdfs/1102866136/MAYRA_ALEJANDRA_ANGULO_FAILLACE_1045729551.pdf
✅ 2025-03-12T16:30:25.851Z: PDF generado: pdfs/1102866136/FLOR_DAYANA_HERRERA_HERNANDEZ_1045737545.pdf
✅ 2025-03-12T16:30:27.918Z: PDF generado: pdfs/1102866136/JOSE_MANUEL_SARABIA_ESTEFANELL_1045738852.pdf
✅ 2025-03-12T16:30:29.983Z: PDF generado: pdfs/1102866136/ALVARO_JOSE_CUELLAR_MORALES_1045740858.pdf
✅ 2025-03-12T16:30:32.048Z: PDF generado: pdfs/1102866136/STEFY_NOHAMY_MOLINARES_ARROYO_1045746908.pdf
✅ 2025-03-12T16:30:34.136Z: PDF generado: pdfs/1102866136/CLAUDIA_MARCELA_DE_LA_HOZ_TRILLOS_1045751528.pdf
✅ 2025-03-12T16:30:36.247Z: PDF generado: pdfs/1102866136/KATHERIN_EDITH_RODRIGUEZ_RETAMOZA_1045755326.pdf
✅ 2025-03-12T16:30:38.328Z: PDF generado: pdfs/1102866136/ELIAS_MOISES_DEL_VALLE_VISBAL_1045756054.pdf
✅ 2025-03-12T16:30:40.390Z: PDF generado: pdfs/1102866136/ANDRY_MARIA_ZAPATA_POLO_1046873009.pdf
✅ 2025-03-12T16:30:42.455Z: PDF generado: pdfs/1102866136/KELLY_PAOLA_MARRUGO_GUTIERREZ_1047227670.pdf
✅ 2025-03-12T16:30:44.516Z: PDF generado: pdfs/1102866136/CARMEN_ELENA_CASTRO_BOCANEGRA_1065138542.pdf
✅ 2025-03-12T16:30:46.587Z: PDF generado: pdfs/1102866136/HECTOR_IGNACIO_PERALTA_MARTINEZ_1067908033.pdf
✅ 2025-03-12T16:30:48.672Z: PDF generado: pdfs/1102866136/ABELARDO_MANUEL_RIVERA_FONSECA_1083433964.pdf
✅ 2025-03-12T16:30:50.768Z: PDF generado: pdfs/1102866136/YADIRA_PAOLA_HORMAZA_RICARDO_1102809149.pdf
✅ 2025-03-12T16:30:52.846Z: PDF generado: pdfs/1102866136/KAREN_PAOLA_ARRIETA_DIAZ_1102830333.pdf
✅ 2025-03-12T16:30:54.921Z: PDF generado: pdfs/1102866136/JESUS_RAFAEL_DE_LA_ROSA_LOZANO_1128129780.pdf
✅ 2025-03-12T16:30:56.992Z: PDF generado: pdfs/1102866136/ZULIBED_MENDOZA_MENDOZA_1129485131.pdf
✅ 2025-03-12T16:30:59.081Z: PDF generado: pdfs/1102866136/YOLIMAR_BENAVIDES_SIERRA_1129488173.pdf
✅ 2025-03-12T16:31:01.156Z: PDF generado: pdfs/1102866136/CESAR_MIGUEL_SALAS_PAREJO_1129512575.pdf
✅ 2025-03-12T16:31:03.237Z: PDF generado: pdfs/1102866136/JULIE_VANNESA_AGUIRRE_CASTRO_1129523037.pdf
✅ 2025-03-12T16:31:05.341Z: PDF generado: pdfs/1102866136/XENIA_MARIA_CAMPO_FUENTES_1129570920.pdf
✅ 2025-03-12T16:31:07.415Z: PDF generado: pdfs/1102866136/ESTEFANIA_VITOLA_MENDEZ_1129577334.pdf
✅ 2025-03-12T16:31:09.490Z: PDF generado: pdfs/1102866136/AYLEEN_SAYLETH_PAEZ_ROMERO_1129579393.pdf
✅ 2025-03-12T16:31:11.554Z: PDF generado: pdfs/1102866136/YERLIZ_VANEZZA_MEJIA_JIMENEZ_1140829464.pdf
✅ 2025-03-12T16:31:13.634Z: PDF generado: pdfs/1102866136/ALINA_VICTORIA_SCHOONEWOLFF_MARTINEZ_1140831499.pdf
✅ 2025-03-12T16:31:15.693Z: PDF generado: pdfs/1102866136/JOWARD_JESUS_VILLARREAL_NIEBLES_1140848718.pdf
✅ 2025-03-12T16:31:17.779Z: PDF generado: pdfs/1102866136/ANDRES_FELIPE_BARRAZA_MOSCOTE_1140860296.pdf
✅ 2025-03-12T16:31:19.861Z: PDF generado: pdfs/1102866136/ANGIE_LORAINE_RODRIGUEZ_FONTALVO_1140864948.pdf
✅ 2025-03-12T16:31:21.938Z: PDF generado: pdfs/1102866136/AMET_JESUS_DAVID_GONZALEZ_1140869057.pdf
✅ 2025-03-12T16:31:24.015Z: PDF generado: pdfs/1102866136/YURLEY_PAOLA_ROJAS_SILVA_1140872621.pdf
✅ 2025-03-12T16:31:25.275Z: PDF generado: pdfs/1102866136/CRISTYL_JULIETH_CHARRIS_ROJAS_1140874319.pdf
✅ 2025-03-12T16:31:27.342Z: PDF generado: pdfs/1102866136/LUIS_ALFONSO_LYONS_VALERO_1140876484.pdf
✅ 2025-03-12T16:31:29.403Z: PDF generado: pdfs/1102866136/MELISSA_ALEJANDRA_MENDOZA_BARRIOS_1140876571.pdf
✅ 2025-03-12T16:31:31.464Z: PDF generado: pdfs/1102866136/MERLIS_RAMOS_LAGARES_1140886509.pdf
✅ 2025-03-12T16:31:33.524Z: PDF generado: pdfs/1102866136/DIEGO_JOSE_YANCE_RICARDO_1140897670.pdf
✅ 2025-03-12T16:31:35.583Z: PDF generado: pdfs/1102866136/ELIANETH_SARAY_SERRANO_GUTIERREZ_1140900177.pdf
✅ 2025-03-12T16:31:37.645Z: PDF generado: pdfs/1102866136/LAURA_ISABEL_FONTLAVO_MARCELES_1140900742.pdf
✅ 2025-03-12T16:31:39.706Z: PDF generado: pdfs/1102866136/MARIA_CAMILIA_CERRA_PEREZ_1143116904.pdf
✅ 2025-03-12T16:31:41.784Z: PDF generado: pdfs/1102866136/DAYANA_STEFFANY_PARRA_PARRA_1143132286.pdf
✅ 2025-03-12T16:31:43.848Z: PDF generado: pdfs/1102866136/LAURA_VANESSA_GONZALEZRUBIO_ARROYO_1143145224.pdf
✅ 2025-03-12T16:31:45.911Z: PDF generado: pdfs/1102866136/JULIO_DE_JESUS_ROMAÑA_VALENCIA_1143162064.pdf
✅ 2025-03-12T16:31:47.979Z: PDF generado: pdfs/1102866136/JESUS_DAVID_DIAZ_MACHADO_1143269230.pdf
✅ 2025-03-12T16:31:50.051Z: PDF generado: pdfs/1102866136/CINDY_CAROLINA_LARA_ARIAS_1143424177.pdf
✅ 2025-03-12T16:31:52.112Z: PDF generado: pdfs/1102866136/MASSIEL_JOHANA_BUELVAS_ZAMBRANO_1143432646.pdf
✅ 2025-03-12T16:31:54.185Z: PDF generado: pdfs/1102866136/KELLY_JOHANA_MORALES_HERNANDEZ_1143437838.pdf
✅ 2025-03-12T16:31:56.264Z: PDF generado: pdfs/1102866136/LUZ_ESTELA_GARCIA_TAPIA_1143458446.pdf
✅ 2025-03-12T16:31:58.328Z: PDF generado: pdfs/1102866136/LINA_MARCELA_RODRIGUEZ_RODRIGUEZ_1192925434.pdf
✅ 2025-03-12T16:32:00.388Z: PDF generado: pdfs/1102866136/YULITZA_INOA_MAJANRRES_LUGO_1193577084.pdf
✅ 2025-03-12T16:32:02.452Z: PDF generado: pdfs/1102866136/LAURA_MARCELA_CEPEDA_POTE_1234089697.pdf
✅ 2025-03-12T16:32:04.534Z: PDF generado: pdfs/1102866136/JUAN_ESTEBAN_ARAQUE_TORRADO_1234097071.pdf
✅ 2025-03-12T16:32:06.666Z: PDF generado: pdfs/1102866136/MARIANA_SARABIA_RODRIGUEZ_1234890704.pdf
✅ 2025-03-12T17:10:15.347Z: PDF generado: pdfs/1053870486/NESTOR_CARLOS_TEJERA_GALLARDO_3738558.pdf
✅ 2025-03-12T17:10:17.448Z: PDF generado: pdfs/1053870486/LUIS_ANTONIO_NAVARRO_YEPES_8508695.pdf
✅ 2025-03-12T17:10:19.515Z: PDF generado: pdfs/1053870486/DAMIAN_ELIECER_PALENCIA_BARRIENTOS_8567780.pdf
✅ 2025-03-12T17:10:21.628Z: PDF generado: pdfs/1053870486/HERIBERTO_ALFONSO_LOPEZ_GARCIA_8665964.pdf
✅ 2025-03-12T17:10:23.724Z: PDF generado: pdfs/1053870486/JAIME_DURAN_PERDOMO_12115950.pdf
✅ 2025-03-12T17:10:25.810Z: PDF generado: pdfs/1053870486/ALVARO_RICARDO_BURBANO_MUÑOZ_13008766.pdf
✅ 2025-03-12T17:10:27.877Z: PDF generado: pdfs/1053870486/WALDIR_SNEIDER_JIMENEZ_CORONEL_19618807.pdf
✅ 2025-03-12T17:10:29.945Z: PDF generado: pdfs/1053870486/KATERINE_DEL_PILAR_TAFUR_MARAÑON_22477721.pdf
✅ 2025-03-12T17:10:32.010Z: PDF generado: pdfs/1053870486/ELIETH_LUCIA_CORRALES_BROCHERO_22483894.pdf
✅ 2025-03-12T17:10:34.106Z: PDF generado: pdfs/1053870486/ERIKA_PATRICIA_BARCELO_CERVANTES_22617927.pdf
✅ 2025-03-12T17:10:36.191Z: PDF generado: pdfs/1053870486/YAIRA_KARINA_IBAÑEZ_RODRIGUEZ_22642671.pdf
✅ 2025-03-12T17:10:38.286Z: PDF generado: pdfs/1053870486/KELLY_MERCEDES_GALVEZ_ORTIZ_22648270.pdf
✅ 2025-03-12T17:10:40.400Z: PDF generado: pdfs/1053870486/CLAUDIA_ESTHER_OROZCO_CERPA_22675149.pdf
✅ 2025-03-12T17:10:42.627Z: PDF generado: pdfs/1053870486/NELVIS_ESTHER_MORENO_BALLESTAS_22731902.pdf
✅ 2025-03-12T17:10:44.831Z: PDF generado: pdfs/1053870486/YALEIDYS_DEL_CARMEN_MURILLO_MIRANDA_22733222.pdf
✅ 2025-03-12T17:10:47.073Z: PDF generado: pdfs/1053870486/MALKA_DEL_CARMEN_GUTIERREZ_THOMAS_32581371.pdf
✅ 2025-03-12T17:10:49.164Z: PDF generado: pdfs/1053870486/PAOLA_ANDREA_CASTAÑEDA_ORTIZ_32789280.pdf
✅ 2025-03-12T17:10:51.260Z: PDF generado: pdfs/1053870486/BEATRIZ_ELENA_MARTINEZ_BONETT_32791185.pdf
✅ 2025-03-12T17:10:53.344Z: PDF generado: pdfs/1053870486/CARMEN_AMPARO_ALMANZA_MARTINEZ_32791730.pdf
✅ 2025-03-12T17:10:55.425Z: PDF generado: pdfs/1053870486/JOHYS_PATRICIA_DE_ALBA_CASTRO_32803784.pdf
✅ 2025-03-12T17:10:57.511Z: PDF generado: pdfs/1053870486/YASMINE_DE_LOS_REYES_NAVARRO_32852791.pdf
✅ 2025-03-12T17:10:59.655Z: PDF generado: pdfs/1053870486/BELKYS_ESTHER_MERIÑO_SARMIENTO_32881777.pdf
✅ 2025-03-12T17:11:01.782Z: PDF generado: pdfs/1053870486/MARBEL_LUZ_GAMEZ_BARROS_32885339.pdf
✅ 2025-03-12T17:11:03.849Z: PDF generado: pdfs/1053870486/BERTA_SOFIA_SUAREZ_BELEÑO_33208514.pdf
✅ 2025-03-12T17:11:05.928Z: PDF generado: pdfs/1053870486/ELVIRA_ROSA_ARIAS_CORTEZ_33223227.pdf
✅ 2025-03-12T17:11:08.024Z: PDF generado: pdfs/1053870486/ANGELICA_MARIA_PATIÑO_ACEVEDO_44191404.pdf
✅ 2025-03-12T17:11:10.091Z: PDF generado: pdfs/1053870486/LUCY_MARINA_PEREIRA_ROCA_45463985.pdf
✅ 2025-03-12T17:11:12.237Z: PDF generado: pdfs/1053870486/THALIA_GABRIELA_CABALLERO_PEREZ_50909865.pdf
✅ 2025-03-12T17:11:14.302Z: PDF generado: pdfs/1053870486/VILMA_MARCELA_PAEZ_HERRERA_52409197.pdf
✅ 2025-03-12T17:11:16.381Z: PDF generado: pdfs/1053870486/NICOLASA_DEL_CARMEN_ALVAREZ_TORREGROZA_55224607.pdf
✅ 2025-03-12T17:11:18.451Z: PDF generado: pdfs/1053870486/RUTH_YADIRA_GUERRERO_MARTES_55238037.pdf
✅ 2025-03-12T17:11:20.514Z: PDF generado: pdfs/1053870486/MARIA_CLAUDIA_CANO_IBARRA_56098194.pdf
✅ 2025-03-12T17:11:22.596Z: PDF generado: pdfs/1053870486/SARA_ELENA_PERTUZ_SALAS_57307952.pdf
✅ 2025-03-12T17:11:24.666Z: PDF generado: pdfs/1053870486/JAVIER_EDUARDO_SOTO_FONTALVO_72015940.pdf
✅ 2025-03-12T17:11:26.852Z: PDF generado: pdfs/1053870486/LENIN_ALFONSO_VASQUEZ_72225584.pdf
✅ 2025-03-12T17:11:28.953Z: PDF generado: pdfs/1053870486/MIGUEL_ANGEL_DE_ALBA_VARELA_72237714.pdf
✅ 2025-03-12T17:11:31.018Z: PDF generado: pdfs/1053870486/ALMIR_DE_JESUS_RIVALDO_DIAZ_72254665.pdf
✅ 2025-03-12T17:11:33.081Z: PDF generado: pdfs/1053870486/JESUS_DAVID_ACOSTA_SOTO_72293419.pdf
✅ 2025-03-12T17:11:35.144Z: PDF generado: pdfs/1053870486/ENRIQUE_LUIS_MURGAS_BALMACEDA_77093222.pdf
✅ 2025-03-12T17:11:37.207Z: PDF generado: pdfs/1053870486/ADAEL_ENRIQUE_RODRIGUEZ_ROCHA_80098002.pdf
✅ 2025-03-12T17:11:39.272Z: PDF generado: pdfs/1053870486/DAVID_ALONSO_ESCORCIA_RODRIGUEZ_85050360.pdf
✅ 2025-03-12T17:11:41.431Z: PDF generado: pdfs/1053870486/ROMAN_DE_LA_ROSA_ROSA_MONTENEGRO_85467125.pdf
✅ 2025-03-12T17:11:43.544Z: PDF generado: pdfs/1053870486/JORGE_BENITOREVOLLO_VERGEL_92447882.pdf
✅ 2025-03-12T17:11:45.615Z: PDF generado: pdfs/1053870486/KEVIN_ANDRES_CASTRO_CORONADO_1001866787.pdf
✅ 2025-03-12T17:11:47.677Z: PDF generado: pdfs/1053870486/MARIETH_SANDRITH_HERNANDEZ_HERNANDEZ_1002153004.pdf
✅ 2025-03-12T17:11:49.753Z: PDF generado: pdfs/1053870486/YENIS_DEL_CARMEN_REGINO_PEREZ_1007925643.pdf
✅ 2025-03-12T17:11:51.834Z: PDF generado: pdfs/1053870486/NATALIA_ANDREA_LOAIZA_MARIN_1035417382.pdf
✅ 2025-03-12T17:11:53.894Z: PDF generado: pdfs/1053870486/YEFFER_ESTIBEL_GOMEZ_GUTIERREZ_1042350705.pdf
✅ 2025-03-12T17:11:55.961Z: PDF generado: pdfs/1053870486/LEONEL_JESUS_OSORIO_VARGAS_1042353875.pdf
✅ 2025-03-12T17:11:58.110Z: PDF generado: pdfs/1053870486/XIOMARA_ALEJANDRA_MAURY_PACHECO_1042437499.pdf
✅ 2025-03-12T17:12:00.243Z: PDF generado: pdfs/1053870486/ISRAEL_DE_JESUS_IBAÑEZ_CAMPANELLI_1042438719.pdf
✅ 2025-03-12T17:12:02.311Z: PDF generado: pdfs/1053870486/ROYMAN_EDUARDO_ROJAS_NORIEGA_1042452108.pdf
✅ 2025-03-12T17:12:04.375Z: PDF generado: pdfs/1053870486/ARNALDO_SANDOVAL_CRESPO_1043014099.pdf
✅ 2025-03-12T17:12:06.452Z: PDF generado: pdfs/1053870486/JESUS_DAVID_GUZMAN_MUÑOZ_1043025637.pdf
✅ 2025-03-12T17:12:08.529Z: PDF generado: pdfs/1053870486/KATHEENL_MELISSA_GUETTE_PAEZ_1043846718.pdf
✅ 2025-03-12T17:12:10.601Z: PDF generado: pdfs/1053870486/PIMIENTA_MOSQUERA_DOUGLAS_FERNANDO_1045667870.pdf
✅ 2025-03-12T17:12:12.662Z: PDF generado: pdfs/1053870486/ELIANA_CAROLINA_RODRIGUEZ_RIOS_1045693507.pdf
✅ 2025-03-12T17:12:14.724Z: PDF generado: pdfs/1053870486/YENIFFER_PATRICIA_ACOSTA_TORRES_1045701645.pdf
✅ 2025-03-12T17:12:16.788Z: PDF generado: pdfs/1053870486/WILLIAM_DE_JESUS_DOMINGUEZ_DE_LA_HOZ_1045704220.pdf
✅ 2025-03-12T17:12:18.854Z: PDF generado: pdfs/1053870486/ANDRES_CAMILO_VILLANUEVA_CARBONELL_1045721072.pdf
✅ 2025-03-12T17:12:20.920Z: PDF generado: pdfs/1053870486/MAYRA_ALEJANDRA_ANGULO_FAILLACE_1045729551.pdf
✅ 2025-03-12T17:12:22.981Z: PDF generado: pdfs/1053870486/FLOR_DAYANA_HERRERA_HERNANDEZ_1045737545.pdf
✅ 2025-03-12T17:12:25.044Z: PDF generado: pdfs/1053870486/JOSE_MANUEL_SARABIA_ESTEFANELL_1045738852.pdf
✅ 2025-03-12T17:12:27.103Z: PDF generado: pdfs/1053870486/ALVARO_JOSE_CUELLAR_MORALES_1045740858.pdf
✅ 2025-03-12T17:12:29.163Z: PDF generado: pdfs/1053870486/STEFY_NOHAMY_MOLINARES_ARROYO_1045746908.pdf
✅ 2025-03-12T17:12:31.223Z: PDF generado: pdfs/1053870486/CLAUDIA_MARCELA_DE_LA_HOZ_TRILLOS_1045751528.pdf
✅ 2025-03-12T17:12:33.286Z: PDF generado: pdfs/1053870486/KATHERIN_EDITH_RODRIGUEZ_RETAMOZA_1045755326.pdf
✅ 2025-03-12T17:12:35.378Z: PDF generado: pdfs/1053870486/ELIAS_MOISES_DEL_VALLE_VISBAL_1045756054.pdf
✅ 2025-03-12T17:12:37.457Z: PDF generado: pdfs/1053870486/ANDRY_MARIA_ZAPATA_POLO_1046873009.pdf
✅ 2025-03-12T17:12:39.536Z: PDF generado: pdfs/1053870486/KELLY_PAOLA_MARRUGO_GUTIERREZ_1047227670.pdf
✅ 2025-03-12T17:12:41.607Z: PDF generado: pdfs/1053870486/CARMEN_ELENA_CASTRO_BOCANEGRA_1065138542.pdf
✅ 2025-03-12T17:12:43.679Z: PDF generado: pdfs/1053870486/HECTOR_IGNACIO_PERALTA_MARTINEZ_1067908033.pdf
✅ 2025-03-12T17:12:45.800Z: PDF generado: pdfs/1053870486/ABELARDO_MANUEL_RIVERA_FONSECA_1083433964.pdf
✅ 2025-03-12T17:12:47.887Z: PDF generado: pdfs/1053870486/YADIRA_PAOLA_HORMAZA_RICARDO_1102809149.pdf
✅ 2025-03-12T17:12:49.951Z: PDF generado: pdfs/1053870486/KAREN_PAOLA_ARRIETA_DIAZ_1102830333.pdf
✅ 2025-03-12T17:12:52.011Z: PDF generado: pdfs/1053870486/JESUS_RAFAEL_DE_LA_ROSA_LOZANO_1128129780.pdf
✅ 2025-03-12T17:12:54.071Z: PDF generado: pdfs/1053870486/ZULIBED_MENDOZA_MENDOZA_1129485131.pdf
✅ 2025-03-12T17:12:56.148Z: PDF generado: pdfs/1053870486/YOLIMAR_BENAVIDES_SIERRA_1129488173.pdf
✅ 2025-03-12T17:12:58.224Z: PDF generado: pdfs/1053870486/CESAR_MIGUEL_SALAS_PAREJO_1129512575.pdf
✅ 2025-03-12T17:13:00.345Z: PDF generado: pdfs/1053870486/JULIE_VANNESA_AGUIRRE_CASTRO_1129523037.pdf
✅ 2025-03-12T17:13:02.437Z: PDF generado: pdfs/1053870486/XENIA_MARIA_CAMPO_FUENTES_1129570920.pdf
✅ 2025-03-12T17:13:04.495Z: PDF generado: pdfs/1053870486/ESTEFANIA_VITOLA_MENDEZ_1129577334.pdf
✅ 2025-03-12T17:13:06.559Z: PDF generado: pdfs/1053870486/AYLEEN_SAYLETH_PAEZ_ROMERO_1129579393.pdf
✅ 2025-03-12T17:13:08.631Z: PDF generado: pdfs/1053870486/YERLIZ_VANEZZA_MEJIA_JIMENEZ_1140829464.pdf
✅ 2025-03-12T17:13:10.691Z: PDF generado: pdfs/1053870486/ALINA_VICTORIA_SCHOONEWOLFF_MARTINEZ_1140831499.pdf
✅ 2025-03-12T17:13:12.750Z: PDF generado: pdfs/1053870486/JOWARD_JESUS_VILLARREAL_NIEBLES_1140848718.pdf
✅ 2025-03-12T17:13:14.812Z: PDF generado: pdfs/1053870486/ANDRES_FELIPE_BARRAZA_MOSCOTE_1140860296.pdf
✅ 2025-03-12T17:13:16.876Z: PDF generado: pdfs/1053870486/ANGIE_LORAINE_RODRIGUEZ_FONTALVO_1140864948.pdf
✅ 2025-03-12T17:13:18.964Z: PDF generado: pdfs/1053870486/AMET_JESUS_DAVID_GONZALEZ_1140869057.pdf
✅ 2025-03-12T17:13:21.037Z: PDF generado: pdfs/1053870486/YURLEY_PAOLA_ROJAS_SILVA_1140872621.pdf
✅ 2025-03-12T17:13:23.118Z: PDF generado: pdfs/1053870486/CRISTYL_JULIETH_CHARRIS_ROJAS_1140874319.pdf
✅ 2025-03-12T17:13:25.185Z: PDF generado: pdfs/1053870486/LUIS_ALFONSO_LYONS_VALERO_1140876484.pdf
✅ 2025-03-12T17:13:27.244Z: PDF generado: pdfs/1053870486/MELISSA_ALEJANDRA_MENDOZA_BARRIOS_1140876571.pdf
✅ 2025-03-12T17:13:31.267Z: PDF generado: pdfs/1053870486/MERLIS_RAMOS_LAGARES_1140886509.pdf
✅ 2025-03-12T17:13:33.343Z: PDF generado: pdfs/1053870486/DIEGO_JOSE_YANCE_RICARDO_1140897670.pdf
✅ 2025-03-12T17:13:35.411Z: PDF generado: pdfs/1053870486/ELIANETH_SARAY_SERRANO_GUTIERREZ_1140900177.pdf
✅ 2025-03-12T17:13:37.478Z: PDF generado: pdfs/1053870486/LAURA_ISABEL_FONTLAVO_MARCELES_1140900742.pdf
✅ 2025-03-12T17:13:39.538Z: PDF generado: pdfs/1053870486/MARIA_CAMILIA_CERRA_PEREZ_1143116904.pdf
✅ 2025-03-12T17:13:41.606Z: PDF generado: pdfs/1053870486/DAYANA_STEFFANY_PARRA_PARRA_1143132286.pdf
✅ 2025-03-12T17:13:43.669Z: PDF generado: pdfs/1053870486/LAURA_VANESSA_GONZALEZRUBIO_ARROYO_1143145224.pdf
#-----------------------------------------------------------------------------------------------------------
✅ 2025-03-12T17:19:12.662Z: PDF generado: pdfs/1053870486/NESTOR_CARLOS_TEJERA_GALLARDO_3738558.pdf
✅ 2025-03-12T17:19:14.732Z: PDF generado: pdfs/1053870486/LUIS_ANTONIO_NAVARRO_YEPES_8508695.pdf
✅ 2025-03-12T17:19:16.805Z: PDF generado: pdfs/1053870486/DAMIAN_ELIECER_PALENCIA_BARRIENTOS_8567780.pdf
✅ 2025-03-12T17:19:18.879Z: PDF generado: pdfs/1053870486/HERIBERTO_ALFONSO_LOPEZ_GARCIA_8665964.pdf
✅ 2025-03-12T17:19:20.952Z: PDF generado: pdfs/1053870486/JAIME_DURAN_PERDOMO_12115950.pdf
✅ 2025-03-12T17:19:23.014Z: PDF generado: pdfs/1053870486/ALVARO_RICARDO_BURBANO_MUÑOZ_13008766.pdf
✅ 2025-03-12T17:19:25.073Z: PDF generado: pdfs/1053870486/WALDIR_SNEIDER_JIMENEZ_CORONEL_19618807.pdf
✅ 2025-03-12T17:19:27.139Z: PDF generado: pdfs/1053870486/KATERINE_DEL_PILAR_TAFUR_MARAÑON_22477721.pdf
✅ 2025-03-12T17:19:29.201Z: PDF generado: pdfs/1053870486/ELIETH_LUCIA_CORRALES_BROCHERO_22483894.pdf
✅ 2025-03-12T17:19:31.261Z: PDF generado: pdfs/1053870486/ERIKA_PATRICIA_BARCELO_CERVANTES_22617927.pdf
✅ 2025-03-12T17:19:33.346Z: PDF generado: pdfs/1053870486/YAIRA_KARINA_IBAÑEZ_RODRIGUEZ_22642671.pdf
✅ 2025-03-12T17:19:35.424Z: PDF generado: pdfs/1053870486/KELLY_MERCEDES_GALVEZ_ORTIZ_22648270.pdf
✅ 2025-03-12T17:19:37.557Z: PDF generado: pdfs/1053870486/CLAUDIA_ESTHER_OROZCO_CERPA_22675149.pdf
✅ 2025-03-12T17:19:39.636Z: PDF generado: pdfs/1053870486/NELVIS_ESTHER_MORENO_BALLESTAS_22731902.pdf
✅ 2025-03-12T17:19:41.699Z: PDF generado: pdfs/1053870486/YALEIDYS_DEL_CARMEN_MURILLO_MIRANDA_22733222.pdf
✅ 2025-03-12T17:19:43.764Z: PDF generado: pdfs/1053870486/MALKA_DEL_CARMEN_GUTIERREZ_THOMAS_32581371.pdf
✅ 2025-03-12T17:19:45.831Z: PDF generado: pdfs/1053870486/PAOLA_ANDREA_CASTAÑEDA_ORTIZ_32789280.pdf
✅ 2025-03-12T17:19:47.900Z: PDF generado: pdfs/1053870486/BEATRIZ_ELENA_MARTINEZ_BONETT_32791185.pdf
✅ 2025-03-12T17:19:49.958Z: PDF generado: pdfs/1053870486/CARMEN_AMPARO_ALMANZA_MARTINEZ_32791730.pdf
✅ 2025-03-12T17:19:52.017Z: PDF generado: pdfs/1053870486/JOHYS_PATRICIA_DE_ALBA_CASTRO_32803784.pdf
✅ 2025-03-12T17:19:54.077Z: PDF generado: pdfs/1053870486/YASMINE_DE_LOS_REYES_NAVARRO_32852791.pdf
✅ 2025-03-12T17:19:56.137Z: PDF generado: pdfs/1053870486/BELKYS_ESTHER_MERIÑO_SARMIENTO_32881777.pdf
✅ 2025-03-12T17:19:58.199Z: PDF generado: pdfs/1053870486/MARBEL_LUZ_GAMEZ_BARROS_32885339.pdf
✅ 2025-03-12T17:20:00.260Z: PDF generado: pdfs/1053870486/BERTA_SOFIA_SUAREZ_BELEÑO_33208514.pdf
✅ 2025-03-12T17:20:02.341Z: PDF generado: pdfs/1053870486/ELVIRA_ROSA_ARIAS_CORTEZ_33223227.pdf
✅ 2025-03-12T17:20:04.411Z: PDF generado: pdfs/1053870486/ANGELICA_MARIA_PATIÑO_ACEVEDO_44191404.pdf
✅ 2025-03-12T17:20:06.471Z: PDF generado: pdfs/1053870486/LUCY_MARINA_PEREIRA_ROCA_45463985.pdf
✅ 2025-03-12T17:20:08.543Z: PDF generado: pdfs/1053870486/THALIA_GABRIELA_CABALLERO_PEREZ_50909865.pdf
✅ 2025-03-12T17:20:10.617Z: PDF generado: pdfs/1053870486/VILMA_MARCELA_PAEZ_HERRERA_52409197.pdf
✅ 2025-03-12T17:20:12.697Z: PDF generado: pdfs/1053870486/NICOLASA_DEL_CARMEN_ALVAREZ_TORREGROZA_55224607.pdf
✅ 2025-03-12T18:31:18.204Z: PDF generado: pdfs/1053870486/NESTOR_CARLOS_TEJERA_GALLARDO_3738558.pdf
✅ 2025-03-12T18:31:20.296Z: PDF generado: pdfs/1053870486/LUIS_ANTONIO_NAVARRO_YEPES_8508695.pdf
✅ 2025-03-12T18:31:22.361Z: PDF generado: pdfs/1053870486/DAMIAN_ELIECER_PALENCIA_BARRIENTOS_8567780.pdf
✅ 2025-03-12T18:31:24.439Z: PDF generado: pdfs/1053870486/HERIBERTO_ALFONSO_LOPEZ_GARCIA_8665964.pdf
✅ 2025-03-12T18:31:26.510Z: PDF generado: pdfs/1053870486/JAIME_DURAN_PERDOMO_12115950.pdf
✅ 2025-03-12T18:31:28.572Z: PDF generado: pdfs/1053870486/ALVARO_RICARDO_BURBANO_MUÑOZ_13008766.pdf
✅ 2025-03-12T18:31:30.633Z: PDF generado: pdfs/1053870486/WALDIR_SNEIDER_JIMENEZ_CORONEL_19618807.pdf
✅ 2025-03-12T18:31:32.693Z: PDF generado: pdfs/1053870486/KATERINE_DEL_PILAR_TAFUR_MARAÑON_22477721.pdf
✅ 2025-03-12T18:31:34.761Z: PDF generado: pdfs/1053870486/ELIETH_LUCIA_CORRALES_BROCHERO_22483894.pdf
✅ 2025-03-12T18:31:36.839Z: PDF generado: pdfs/1053870486/ERIKA_PATRICIA_BARCELO_CERVANTES_22617927.pdf
✅ 2025-03-12T18:31:38.902Z: PDF generado: pdfs/1053870486/YAIRA_KARINA_IBAÑEZ_RODRIGUEZ_22642671.pdf
✅ 2025-03-12T18:31:40.968Z: PDF generado: pdfs/1053870486/KELLY_MERCEDES_GALVEZ_ORTIZ_22648270.pdf
✅ 2025-03-12T18:31:43.035Z: PDF generado: pdfs/1053870486/CLAUDIA_ESTHER_OROZCO_CERPA_22675149.pdf
✅ 2025-03-12T18:31:45.109Z: PDF generado: pdfs/1053870486/NELVIS_ESTHER_MORENO_BALLESTAS_22731902.pdf
✅ 2025-03-12T18:31:47.173Z: PDF generado: pdfs/1053870486/YALEIDYS_DEL_CARMEN_MURILLO_MIRANDA_22733222.pdf
✅ 2025-03-12T18:31:49.238Z: PDF generado: pdfs/1053870486/MALKA_DEL_CARMEN_GUTIERREZ_THOMAS_32581371.pdf
✅ 2025-03-12T18:31:51.303Z: PDF generado: pdfs/1053870486/PAOLA_ANDREA_CASTAÑEDA_ORTIZ_32789280.pdf
✅ 2025-03-12T18:31:53.368Z: PDF generado: pdfs/1053870486/BEATRIZ_ELENA_MARTINEZ_BONETT_32791185.pdf
✅ 2025-03-12T18:31:55.469Z: PDF generado: pdfs/1053870486/CARMEN_AMPARO_ALMANZA_MARTINEZ_32791730.pdf
✅ 2025-03-12T18:31:57.607Z: PDF generado: pdfs/1053870486/JOHYS_PATRICIA_DE_ALBA_CASTRO_32803784.pdf
✅ 2025-03-12T18:31:59.744Z: PDF generado: pdfs/1053870486/YASMINE_DE_LOS_REYES_NAVARRO_32852791.pdf
✅ 2025-03-12T18:32:01.815Z: PDF generado: pdfs/1053870486/BELKYS_ESTHER_MERIÑO_SARMIENTO_32881777.pdf
✅ 2025-03-12T18:32:03.894Z: PDF generado: pdfs/1053870486/MARBEL_LUZ_GAMEZ_BARROS_32885339.pdf
✅ 2025-03-12T18:32:05.961Z: PDF generado: pdfs/1053870486/BERTA_SOFIA_SUAREZ_BELEÑO_33208514.pdf
✅ 2025-03-12T18:32:08.030Z: PDF generado: pdfs/1053870486/ELVIRA_ROSA_ARIAS_CORTEZ_33223227.pdf
✅ 2025-03-12T18:32:10.101Z: PDF generado: pdfs/1053870486/ANGELICA_MARIA_PATIÑO_ACEVEDO_44191404.pdf
✅ 2025-03-12T18:32:12.182Z: PDF generado: pdfs/1053870486/LUCY_MARINA_PEREIRA_ROCA_45463985.pdf
✅ 2025-03-12T18:32:14.242Z: PDF generado: pdfs/1053870486/THALIA_GABRIELA_CABALLERO_PEREZ_50909865.pdf
✅ 2025-03-12T18:32:16.229Z: PDF generado: pdfs/1053870486/VILMA_MARCELA_PAEZ_HERRERA_52409197.pdf
✅ 2025-03-12T18:32:18.297Z: PDF generado: pdfs/1053870486/NICOLASA_DEL_CARMEN_ALVAREZ_TORREGROZA_55224607.pdf
✅ 2025-03-12T18:34:36.587Z: PDF generado: pdfs/1053870486/NESTOR_CARLOS_TEJERA_GALLARDO_3738558.pdf
✅ 2025-03-12T18:34:38.661Z: PDF generado: pdfs/1053870486/LUIS_ANTONIO_NAVARRO_YEPES_8508695.pdf
✅ 2025-03-12T18:34:40.728Z: PDF generado: pdfs/1053870486/DAMIAN_ELIECER_PALENCIA_BARRIENTOS_8567780.pdf
✅ 2025-03-12T18:34:42.828Z: PDF generado: pdfs/1053870486/HERIBERTO_ALFONSO_LOPEZ_GARCIA_8665964.pdf
✅ 2025-03-12T18:34:44.903Z: PDF generado: pdfs/1053870486/JAIME_DURAN_PERDOMO_12115950.pdf
✅ 2025-03-12T18:34:46.964Z: PDF generado: pdfs/1053870486/ALVARO_RICARDO_BURBANO_MUÑOZ_13008766.pdf
✅ 2025-03-12T18:34:49.035Z: PDF generado: pdfs/1053870486/WALDIR_SNEIDER_JIMENEZ_CORONEL_19618807.pdf
✅ 2025-03-12T18:34:51.108Z: PDF generado: pdfs/1053870486/KATERINE_DEL_PILAR_TAFUR_MARAÑON_22477721.pdf
✅ 2025-03-12T18:34:53.194Z: PDF generado: pdfs/1053870486/ELIETH_LUCIA_CORRALES_BROCHERO_22483894.pdf
✅ 2025-03-12T18:34:55.258Z: PDF generado: pdfs/1053870486/ERIKA_PATRICIA_BARCELO_CERVANTES_22617927.pdf
✅ 2025-03-12T18:34:57.319Z: PDF generado: pdfs/1053870486/YAIRA_KARINA_IBAÑEZ_RODRIGUEZ_22642671.pdf
✅ 2025-03-12T18:34:59.381Z: PDF generado: pdfs/1053870486/KELLY_MERCEDES_GALVEZ_ORTIZ_22648270.pdf
✅ 2025-03-12T18:35:01.445Z: PDF generado: pdfs/1053870486/CLAUDIA_ESTHER_OROZCO_CERPA_22675149.pdf
✅ 2025-03-12T18:35:03.510Z: PDF generado: pdfs/1053870486/NELVIS_ESTHER_MORENO_BALLESTAS_22731902.pdf
✅ 2025-03-12T18:35:05.571Z: PDF generado: pdfs/1053870486/YALEIDYS_DEL_CARMEN_MURILLO_MIRANDA_22733222.pdf
✅ 2025-03-12T18:35:07.639Z: PDF generado: pdfs/1053870486/MALKA_DEL_CARMEN_GUTIERREZ_THOMAS_32581371.pdf
✅ 2025-03-12T18:35:09.705Z: PDF generado: pdfs/1053870486/PAOLA_ANDREA_CASTAÑEDA_ORTIZ_32789280.pdf
✅ 2025-03-12T18:35:11.767Z: PDF generado: pdfs/1053870486/BEATRIZ_ELENA_MARTINEZ_BONETT_32791185.pdf
✅ 2025-03-12T18:35:13.829Z: PDF generado: pdfs/1053870486/CARMEN_AMPARO_ALMANZA_MARTINEZ_32791730.pdf
✅ 2025-03-12T18:35:15.895Z: PDF generado: pdfs/1053870486/JOHYS_PATRICIA_DE_ALBA_CASTRO_32803784.pdf
✅ 2025-03-12T18:35:17.956Z: PDF generado: pdfs/1053870486/YASMINE_DE_LOS_REYES_NAVARRO_32852791.pdf
✅ 2025-03-12T18:35:20.019Z: PDF generado: pdfs/1053870486/BELKYS_ESTHER_MERIÑO_SARMIENTO_32881777.pdf
✅ 2025-03-12T18:35:22.078Z: PDF generado: pdfs/1053870486/MARBEL_LUZ_GAMEZ_BARROS_32885339.pdf
✅ 2025-03-12T18:35:24.156Z: PDF generado: pdfs/1053870486/BERTA_SOFIA_SUAREZ_BELEÑO_33208514.pdf
✅ 2025-03-12T18:35:26.224Z: PDF generado: pdfs/1053870486/ELVIRA_ROSA_ARIAS_CORTEZ_33223227.pdf
✅ 2025-03-12T18:35:28.283Z: PDF generado: pdfs/1053870486/ANGELICA_MARIA_PATIÑO_ACEVEDO_44191404.pdf
✅ 2025-03-12T18:35:30.349Z: PDF generado: pdfs/1053870486/LUCY_MARINA_PEREIRA_ROCA_45463985.pdf
✅ 2025-03-12T18:35:32.410Z: PDF generado: pdfs/1053870486/THALIA_GABRIELA_CABALLERO_PEREZ_50909865.pdf
✅ 2025-03-12T18:35:34.476Z: PDF generado: pdfs/1053870486/VILMA_MARCELA_PAEZ_HERRERA_52409197.pdf
✅ 2025-03-12T18:35:36.541Z: PDF generado: pdfs/1053870486/NICOLASA_DEL_CARMEN_ALVAREZ_TORREGROZA_55224607.pdf
✅ 2025-03-12T18:35:38.612Z: PDF generado: pdfs/1053870486/RUTH_YADIRA_GUERRERO_MARTES_55238037.pdf
✅ 2025-03-12T18:35:40.697Z: PDF generado: pdfs/1053870486/MARIA_CLAUDIA_CANO_IBARRA_56098194.pdf
✅ 2025-03-12T18:35:42.798Z: PDF generado: pdfs/1053870486/SARA_ELENA_PERTUZ_SALAS_57307952.pdf
✅ 2025-03-12T18:35:44.862Z: PDF generado: pdfs/1053870486/JAVIER_EDUARDO_SOTO_FONTALVO_72015940.pdf
✅ 2025-03-12T18:35:46.930Z: PDF generado: pdfs/1053870486/LENIN_ALFONSO_VASQUEZ_72225584.pdf
✅ 2025-03-12T18:35:49.012Z: PDF generado: pdfs/1053870486/MIGUEL_ANGEL_DE_ALBA_VARELA_72237714.pdf
✅ 2025-03-12T18:35:51.085Z: PDF generado: pdfs/1053870486/ALMIR_DE_JESUS_RIVALDO_DIAZ_72254665.pdf
✅ 2025-03-12T18:35:53.158Z: PDF generado: pdfs/1053870486/JESUS_DAVID_ACOSTA_SOTO_72293419.pdf
✅ 2025-03-12T18:35:55.217Z: PDF generado: pdfs/1053870486/ENRIQUE_LUIS_MURGAS_BALMACEDA_77093222.pdf
✅ 2025-03-12T18:35:57.292Z: PDF generado: pdfs/1053870486/ADAEL_ENRIQUE_RODRIGUEZ_ROCHA_80098002.pdf
✅ 2025-03-12T18:35:59.364Z: PDF generado: pdfs/1053870486/DAVID_ALONSO_ESCORCIA_RODRIGUEZ_85050360.pdf
✅ 2025-03-12T18:36:01.428Z: PDF generado: pdfs/1053870486/ROMAN_DE_LA_ROSA_ROSA_MONTENEGRO_85467125.pdf
✅ 2025-03-12T18:36:03.489Z: PDF generado: pdfs/1053870486/JORGE_BENITOREVOLLO_VERGEL_92447882.pdf
✅ 2025-03-12T18:36:05.553Z: PDF generado: pdfs/1053870486/KEVIN_ANDRES_CASTRO_CORONADO_1001866787.pdf
✅ 2025-03-12T18:36:07.624Z: PDF generado: pdfs/1053870486/MARIETH_SANDRITH_HERNANDEZ_HERNANDEZ_1002153004.pdf
✅ 2025-03-12T18:36:09.693Z: PDF generado: pdfs/1053870486/YENIS_DEL_CARMEN_REGINO_PEREZ_1007925643.pdf
✅ 2025-03-12T18:36:11.756Z: PDF generado: pdfs/1053870486/NATALIA_ANDREA_LOAIZA_MARIN_1035417382.pdf
✅ 2025-03-12T18:36:13.819Z: PDF generado: pdfs/1053870486/YEFFER_ESTIBEL_GOMEZ_GUTIERREZ_1042350705.pdf
✅ 2025-03-12T18:36:15.884Z: PDF generado: pdfs/1053870486/LEONEL_JESUS_OSORIO_VARGAS_1042353875.pdf
✅ 2025-03-12T18:36:17.944Z: PDF generado: pdfs/1053870486/XIOMARA_ALEJANDRA_MAURY_PACHECO_1042437499.pdf
✅ 2025-03-12T18:36:20.004Z: PDF generado: pdfs/1053870486/ISRAEL_DE_JESUS_IBAÑEZ_CAMPANELLI_1042438719.pdf
✅ 2025-03-12T18:36:22.076Z: PDF generado: pdfs/1053870486/ROYMAN_EDUARDO_ROJAS_NORIEGA_1042452108.pdf
✅ 2025-03-12T18:36:24.142Z: PDF generado: pdfs/1053870486/ARNALDO_SANDOVAL_CRESPO_1043014099.pdf
✅ 2025-03-12T18:36:26.228Z: PDF generado: pdfs/1053870486/JESUS_DAVID_GUZMAN_MUÑOZ_1043025637.pdf
✅ 2025-03-12T18:36:28.321Z: PDF generado: pdfs/1053870486/KATHEENL_MELISSA_GUETTE_PAEZ_1043846718.pdf
✅ 2025-03-12T18:36:30.408Z: PDF generado: pdfs/1053870486/PIMIENTA_MOSQUERA_DOUGLAS_FERNANDO_1045667870.pdf
✅ 2025-03-12T18:36:32.481Z: PDF generado: pdfs/1053870486/ELIANA_CAROLINA_RODRIGUEZ_RIOS_1045693507.pdf
✅ 2025-03-12T18:36:34.554Z: PDF generado: pdfs/1053870486/YENIFFER_PATRICIA_ACOSTA_TORRES_1045701645.pdf
✅ 2025-03-12T18:36:36.622Z: PDF generado: pdfs/1053870486/WILLIAM_DE_JESUS_DOMINGUEZ_DE_LA_HOZ_1045704220.pdf
✅ 2025-03-12T18:36:38.688Z: PDF generado: pdfs/1053870486/ANDRES_CAMILO_VILLANUEVA_CARBONELL_1045721072.pdf
✅ 2025-03-12T18:36:40.753Z: PDF generado: pdfs/1053870486/MAYRA_ALEJANDRA_ANGULO_FAILLACE_1045729551.pdf
✅ 2025-03-12T18:36:42.815Z: PDF generado: pdfs/1053870486/FLOR_DAYANA_HERRERA_HERNANDEZ_1045737545.pdf
✅ 2025-03-12T18:36:44.877Z: PDF generado: pdfs/1053870486/JOSE_MANUEL_SARABIA_ESTEFANELL_1045738852.pdf
✅ 2025-03-12T18:36:46.953Z: PDF generado: pdfs/1053870486/ALVARO_JOSE_CUELLAR_MORALES_1045740858.pdf
✅ 2025-03-12T18:36:49.036Z: PDF generado: pdfs/1053870486/STEFY_NOHAMY_MOLINARES_ARROYO_1045746908.pdf
✅ 2025-03-12T18:36:51.096Z: PDF generado: pdfs/1053870486/CLAUDIA_MARCELA_DE_LA_HOZ_TRILLOS_1045751528.pdf
✅ 2025-03-12T18:36:53.159Z: PDF generado: pdfs/1053870486/KATHERIN_EDITH_RODRIGUEZ_RETAMOZA_1045755326.pdf
✅ 2025-03-12T18:36:55.219Z: PDF generado: pdfs/1053870486/ELIAS_MOISES_DEL_VALLE_VISBAL_1045756054.pdf
✅ 2025-03-12T18:36:57.283Z: PDF generado: pdfs/1053870486/ANDRY_MARIA_ZAPATA_POLO_1046873009.pdf
✅ 2025-03-12T18:36:59.345Z: PDF generado: pdfs/1053870486/KELLY_PAOLA_MARRUGO_GUTIERREZ_1047227670.pdf
✅ 2025-03-12T18:37:01.412Z: PDF generado: pdfs/1053870486/CARMEN_ELENA_CASTRO_BOCANEGRA_1065138542.pdf
✅ 2025-03-12T18:37:03.481Z: PDF generado: pdfs/1053870486/HECTOR_IGNACIO_PERALTA_MARTINEZ_1067908033.pdf
✅ 2025-03-12T18:37:05.540Z: PDF generado: pdfs/1053870486/ABELARDO_MANUEL_RIVERA_FONSECA_1083433964.pdf
✅ 2025-03-12T18:37:07.607Z: PDF generado: pdfs/1053870486/YADIRA_PAOLA_HORMAZA_RICARDO_1102809149.pdf
✅ 2025-03-12T18:37:09.691Z: PDF generado: pdfs/1053870486/KAREN_PAOLA_ARRIETA_DIAZ_1102830333.pdf
✅ 2025-03-12T18:37:11.787Z: PDF generado: pdfs/1053870486/JESUS_RAFAEL_DE_LA_ROSA_LOZANO_1128129780.pdf
✅ 2025-03-12T18:37:13.862Z: PDF generado: pdfs/1053870486/ZULIBED_MENDOZA_MENDOZA_1129485131.pdf
✅ 2025-03-12T18:37:15.936Z: PDF generado: pdfs/1053870486/YOLIMAR_BENAVIDES_SIERRA_1129488173.pdf
✅ 2025-03-12T18:37:18.005Z: PDF generado: pdfs/1053870486/CESAR_MIGUEL_SALAS_PAREJO_1129512575.pdf
✅ 2025-03-12T18:37:20.071Z: PDF generado: pdfs/1053870486/JULIE_VANNESA_AGUIRRE_CASTRO_1129523037.pdf
✅ 2025-03-12T18:37:22.133Z: PDF generado: pdfs/1053870486/XENIA_MARIA_CAMPO_FUENTES_1129570920.pdf
✅ 2025-03-12T18:37:24.200Z: PDF generado: pdfs/1053870486/ESTEFANIA_VITOLA_MENDEZ_1129577334.pdf
✅ 2025-03-12T18:37:26.285Z: PDF generado: pdfs/1053870486/AYLEEN_SAYLETH_PAEZ_ROMERO_1129579393.pdf
✅ 2025-03-12T18:37:28.362Z: PDF generado: pdfs/1053870486/YERLIZ_VANEZZA_MEJIA_JIMENEZ_1140829464.pdf
✅ 2025-03-12T18:37:30.429Z: PDF generado: pdfs/1053870486/ALINA_VICTORIA_SCHOONEWOLFF_MARTINEZ_1140831499.pdf
✅ 2025-03-12T18:37:32.490Z: PDF generado: pdfs/1053870486/JOWARD_JESUS_VILLARREAL_NIEBLES_1140848718.pdf
✅ 2025-03-12T18:37:34.559Z: PDF generado: pdfs/1053870486/ANDRES_FELIPE_BARRAZA_MOSCOTE_1140860296.pdf
✅ 2025-03-12T18:37:36.658Z: PDF generado: pdfs/1053870486/ANGIE_LORAINE_RODRIGUEZ_FONTALVO_1140864948.pdf
✅ 2025-03-12T18:37:38.723Z: PDF generado: pdfs/1053870486/AMET_JESUS_DAVID_GONZALEZ_1140869057.pdf
✅ 2025-03-12T18:37:40.790Z: PDF generado: pdfs/1053870486/YURLEY_PAOLA_ROJAS_SILVA_1140872621.pdf
✅ 2025-03-12T18:37:42.850Z: PDF generado: pdfs/1053870486/CRISTYL_JULIETH_CHARRIS_ROJAS_1140874319.pdf
✅ 2025-03-12T18:37:44.938Z: PDF generado: pdfs/1053870486/LUIS_ALFONSO_LYONS_VALERO_1140876484.pdf
✅ 2025-03-12T18:37:47.013Z: PDF generado: pdfs/1053870486/MELISSA_ALEJANDRA_MENDOZA_BARRIOS_1140876571.pdf
✅ 2025-03-12T18:37:49.111Z: PDF generado: pdfs/1053870486/MERLIS_RAMOS_LAGARES_1140886509.pdf
✅ 2025-03-12T18:37:51.177Z: PDF generado: pdfs/1053870486/DIEGO_JOSE_YANCE_RICARDO_1140897670.pdf
✅ 2025-03-12T18:37:53.238Z: PDF generado: pdfs/1053870486/ELIANETH_SARAY_SERRANO_GUTIERREZ_1140900177.pdf
✅ 2025-03-12T18:37:55.304Z: PDF generado: pdfs/1053870486/LAURA_ISABEL_FONTLAVO_MARCELES_1140900742.pdf
✅ 2025-03-12T18:37:57.365Z: PDF generado: pdfs/1053870486/MARIA_CAMILIA_CERRA_PEREZ_1143116904.pdf
✅ 2025-03-12T18:37:59.432Z: PDF generado: pdfs/1053870486/DAYANA_STEFFANY_PARRA_PARRA_1143132286.pdf
✅ 2025-03-12T18:38:01.496Z: PDF generado: pdfs/1053870486/LAURA_VANESSA_GONZALEZRUBIO_ARROYO_1143145224.pdf
✅ 2025-03-12T18:38:52.307Z: PDF generado: pdfs/1053870486/NESTOR_CARLOS_TEJERA_GALLARDO_3738558.pdf
✅ 2025-03-12T18:38:54.370Z: PDF generado: pdfs/1053870486/LUIS_ANTONIO_NAVARRO_YEPES_8508695.pdf
✅ 2025-03-12T18:38:56.434Z: PDF generado: pdfs/1053870486/DAMIAN_ELIECER_PALENCIA_BARRIENTOS_8567780.pdf
✅ 2025-03-12T20:33:45.636Z: PDF generado: pdfs/1014196723/YURI_SMITH_FUENTES_REY_40328330.pdf
✅ 2025-03-12T20:54:41.137Z: PDF generado: pdfs/1225089328/JAIME_ANDRES_CALLE_AGUIRRE_4520741.pdf
