2024-12-23T21:43:02.998Z - ERROR: No se encontró ningún registro para actualizar. Evaluador:
2024-12-23T21:43:28.392Z - ERROR: No se encontró ningún registro para actualizar. Evaluador:
2024-12-23T21:57:11.679Z - ERROR: No se encontró ningún registro para actualizar. exitos:  - errores: 
2024-12-23T22:02:36.205Z - ERROR: No se encontró ningún registro para actualizar. exitos:  - errores: 
2024-12-23T22:03:18.715Z - ERROR: No se encontró ningún registro para actualizar. exitos:  - errores: 
2024-12-23T22:03:29.987Z - ERROR: No se encontró ningún registro para actualizar. exitos:  - errores: 
2025-01-16T20:23:38.380Z - ERROR: No se encontró ningún registro para actualizar. exitos: [object Object] - errores: 
2025-01-16T22:31:21.597Z - ERROR: No se encontró ningún registro para actualizar. exitos: [object Object] - errores: 
2025-01-16T22:32:01.310Z - ERROR: No se encontró ningún registro para actualizar. exitos: [object Object] - errores: 
2025-01-16T22:32:41.526Z - ERROR: No se encontró ningún registro para actualizar. exitos: [object Object] - errores: 
2025-01-16T22:32:57.547Z - ERROR: No se encontró ningún registro para actualizar. exitos: [object Object] - errores: 
2025-01-16T22:36:00.521Z - ERROR: No se encontró ningún registro para actualizar. exitos: [object Object] - errores: 
2025-01-16T22:38:00.753Z - ERROR: No se encontró ningún registro para actualizar. exitos: [object Object] - errores: 
2025-01-16T22:42:16.072Z - ERROR: No se encontró ningún registro para actualizar. exitos: [object Object] - errores: 
2025-01-16T22:42:42.170Z - ERROR: No se encontró ningún registro para actualizar. exitos: [object Object] - errores: 
2025-01-16T22:43:07.016Z - ERROR: No se encontró ningún registro para actualizar. exitos:  - errores: [object Object]
2025-01-16T22:43:28.816Z - ERROR: No se encontró ningún registro para actualizar. exitos:  - errores: [object Object]
2025-01-16T22:43:31.706Z - ERROR: No se encontró ningún registro para actualizar. exitos:  - errores: [object Object]
2025-01-16T23:08:27.532Z - ERROR: No se encontró ningún registro para actualizar. exitos: [object Object] - errores: 
2025-01-16T23:09:52.380Z - ERROR: No se encontró ningún registro para actualizar. exitos: [object Object] - errores: 
2025-01-16T23:10:53.081Z - ERROR: No se encontró ningún registro para actualizar. exitos: [object Object] - errores: 
2025-01-16T23:12:07.758Z - ERROR: No se encontró ningún registro para actualizar. exitos: [object Object] - errores: 
2025-01-16T23:12:41.718Z - ERROR: No se encontró ningún registro para actualizar. exitos: [object Object] - errores: 
2025-01-16T23:13:29.201Z - ERROR: No se encontró ningún registro para actualizar. exitos: [object Object] - errores: 
2025-01-16T23:15:57.560Z - ERROR: No se encontró ningún registro para actualizar. exitos: [object Object] - errores: 
2025-01-16T23:16:38.384Z - ERROR: No se encontró ningún registro para actualizar. exitos: [object Object] - errores: 
2025-01-16T23:16:55.771Z - ERROR: No se encontró ningún registro para actualizar. exitos: [object Object] - errores: 
2025-01-16T23:17:01.600Z - ERROR: No se encontró ningún registro para actualizar. exitos: [object Object] - errores: 
2025-01-16T23:19:13.306Z - ERROR: No se encontró ningún registro para actualizar. exitos: [object Object] - errores: 
2025-01-16T23:21:05.565Z - ERROR: No se encontró ningún registro para actualizar. exitos: [object Object] - errores: 
2025-01-16T23:21:53.632Z - ERROR: No se encontró ningún registro para actualizar. exitos: [object Object] - errores: 
2025-01-16T23:25:03.777Z - ERROR: No se encontró ningún registro para actualizar. exitos: [object Object] - errores: 
2025-01-16T23:26:02.692Z - ERROR: No se encontró ningún registro para actualizar. exitos: [object Object] - errores: 
2025-01-16T23:26:42.260Z - ERROR: No se encontró ningún registro para actualizar. exitos: [object Object] - errores: 
2025-01-16T23:26:52.258Z - ERROR: No se encontró ningún registro para actualizar. exitos: [object Object] - errores: 
2025-01-16T23:28:14.502Z - ERROR: No se encontró ningún registro para actualizar. exitos: [object Object] - errores: 
2025-01-16T23:29:14.981Z - ERROR: No se encontró ningún registro para actualizar. exitos: [object Object] - errores: 
2025-01-16T23:29:51.058Z - ERROR: No se encontró ningún registro para actualizar. exitos: [object Object],[object Object] - errores: 
2025-01-16T23:31:13.922Z - ERROR: No se encontró ningún registro para actualizar. exitos: [object Object],[object Object] - errores: 
2025-01-16T23:32:05.283Z - ERROR: No se encontró ningún registro para actualizar. exitos: [object Object],[object Object] - errores: 
2025-01-16T23:34:15.209Z - ERROR: No se encontró ningún registro para actualizar. exitos: [object Object],[object Object] - errores: 
2025-01-16T23:49:31.528Z - ERROR: No se encontró ningún registro para actualizar. exitos: [object Object],[object Object],[object Object] - errores: 
2025-01-16T23:53:36.134Z - ERROR: No se encontró ningún registro para actualizar. exitos: [object Object],[object Object],[object Object] - errores: 
2025-01-16T23:54:27.831Z - ERROR: No se encontró ningún registro para actualizar. exitos: [object Object],[object Object],[object Object] - errores: 
2025-01-16T23:56:50.009Z - ERROR: No se encontró ningún registro para actualizar. exitos: [object Object],[object Object],[object Object] - errores: 
2025-01-16T23:56:57.005Z - ERROR: No se encontró ningún registro para actualizar. exitos: [object Object],[object Object],[object Object] - errores: 
2025-01-16T23:58:01.043Z - ERROR: No se encontró ningún registro para actualizar. exitos: [object Object],[object Object],[object Object] - errores: 
2025-01-17T00:16:14.123Z - ERROR: No se encontró ningún registro para actualizar. exitos:  - errores: [object Object],[object Object],[object Object]
2025-01-17T00:19:52.495Z - ERROR: No se encontró ningún registro para actualizar. exitos: [object Object],[object Object],[object Object] - errores: 
2025-01-17T00:20:24.988Z - ERROR: No se encontró ningún registro para actualizar. exitos: [object Object],[object Object],[object Object],[object Object] - errores: 
2025-01-21T20:25:46.948Z - ERROR: No se encontró ningún registro para actualizar. exitos: [object Object],[object Object],[object Object],[object Object],[object Object],[object Object],[object Object] - errores: 
2025-01-21T20:29:16.797Z - ERROR: No se encontró ningún registro para actualizar. exitos: [object Object],[object Object] - errores: 
2025-01-21T20:29:32.606Z - ERROR: No se encontró ningún registro para actualizar. exitos: [object Object],[object Object],[object Object] - errores: 
2025-01-21T20:29:44.128Z - ERROR: No se encontró ningún registro para actualizar. exitos: [object Object],[object Object] - errores: 
2025-01-21T20:59:06.429Z - ERROR: No se encontró ningún registro para actualizar. exitos: [object Object],[object Object],[object Object],[object Object],[object Object],[object Object],[object Object],[object Object],[object Object],[object Object],[object Object],[object Object] - errores: 
2025-01-21T20:59:23.450Z - ERROR: No se encontró ningún registro para actualizar. exitos: [object Object] - errores: 
2025-01-21T21:07:10.457Z - ERROR: No se encontró ningún registro para actualizar. exitos: [object Object],[object Object],[object Object],[object Object],[object Object],[object Object],[object Object],[object Object],[object Object],[object Object],[object Object] - errores: 
2025-01-21T21:46:08.509Z - ERROR: No se encontró ningún registro para actualizar. exitos: [object Object],[object Object],[object Object],[object Object],[object Object],[object Object],[object Object],[object Object],[object Object],[object Object],[object Object],[object Object],[object Object],[object Object],[object Object],[object Object],[object Object],[object Object],[object Object],[object Object],[object Object],[object Object],[object Object],[object Object],[object Object],[object Object],[object Object],[object Object],[object Object],[object Object] - errores: 
2025-01-21T21:48:30.480Z - ERROR: No se encontró ningún registro para actualizar. exitos: [object Object],[object Object],[object Object],[object Object] - errores: 
2025-01-21T21:50:23.891Z - ERROR: No se encontró ningún registro para actualizar. exitos: [object Object],[object Object],[object Object],[object Object],[object Object],[object Object],[object Object],[object Object],[object Object],[object Object],[object Object],[object Object],[object Object],[object Object],[object Object],[object Object],[object Object],[object Object],[object Object],[object Object],[object Object],[object Object],[object Object],[object Object],[object Object],[object Object],[object Object],[object Object],[object Object],[object Object] - errores: 
2025-01-21T21:51:39.409Z - ERROR: No se encontró ningún registro para actualizar. exitos: [object Object],[object Object],[object Object],[object Object],[object Object],[object Object],[object Object],[object Object],[object Object],[object Object],[object Object],[object Object],[object Object],[object Object],[object Object],[object Object],[object Object],[object Object],[object Object],[object Object],[object Object],[object Object],[object Object],[object Object],[object Object],[object Object],[object Object],[object Object],[object Object],[object Object],[object Object] - errores: 
2025-01-21T22:01:59.941Z - ERROR: No se encontró ningún registro para actualizar. exitos: [object Object],[object Object],[object Object] - errores: 
2025-01-21T22:13:30.503Z - ERROR: No se encontró ningún registro para actualizar. exitos: [object Object],[object Object],[object Object],[object Object],[object Object],[object Object],[object Object],[object Object],[object Object],[object Object],[object Object],[object Object],[object Object],[object Object],[object Object],[object Object],[object Object],[object Object],[object Object],[object Object],[object Object],[object Object],[object Object],[object Object],[object Object],[object Object],[object Object],[object Object],[object Object],[object Object],[object Object],[object Object],[object Object],[object Object],[object Object],[object Object],[object Object],[object Object],[object Object],[object Object],[object Object],[object Object],[object Object],[object Object],[object Object],[object Object],[object Object],[object Object],[object Object],[object Object],[object Object],[object Object],[object Object],[object Object],[object Object],[object Object],[object Object],[object Object],[object Object] - errores: 
2025-01-21T22:19:00.717Z - ERROR: No se encontró ningún registro para actualizar. exitos: [object Object],[object Object],[object Object],[object Object],[object Object],[object Object],[object Object],[object Object],[object Object],[object Object],[object Object],[object Object] - errores: 
2025-01-21T22:19:50.924Z - ERROR: No se encontró ningún registro para actualizar. exitos: [object Object],[object Object],[object Object],[object Object],[object Object],[object Object],[object Object],[object Object],[object Object],[object Object],[object Object] - errores: 
2025-01-21T22:22:48.432Z - ERROR: No se encontró ningún registro para actualizar. exitos: [object Object],[object Object],[object Object],[object Object],[object Object],[object Object],[object Object],[object Object],[object Object],[object Object],[object Object],[object Object] - errores: 
2025-01-21T22:25:16.708Z - ERROR: No se encontró ningún registro para actualizar. exitos: [object Object],[object Object],[object Object],[object Object],[object Object],[object Object],[object Object],[object Object],[object Object],[object Object],[object Object],[object Object],[object Object] - errores: 
2025-01-21T22:30:31.390Z - ERROR: No se encontró ningún registro para actualizar. exitos: [object Object],[object Object],[object Object],[object Object],[object Object],[object Object],[object Object],[object Object] - errores: 
2025-01-21T23:54:11.575Z - ERROR: No se encontró ningún registro para actualizar. exitos:  - errores: [object Object]
2025-01-22T00:21:55.086Z - ERROR: No se encontró ningún registro para actualizar. exitos: [object Object],[object Object],[object Object],[object Object],[object Object],[object Object],[object Object],[object Object],[object Object],[object Object],[object Object],[object Object],[object Object],[object Object],[object Object],[object Object],[object Object],[object Object],[object Object],[object Object],[object Object],[object Object],[object Object] - errores: 
2025-01-22T00:24:51.549Z - ERROR: No se encontró ningún registro para actualizar. exitos: [object Object],[object Object],[object Object],[object Object],[object Object],[object Object],[object Object],[object Object],[object Object],[object Object],[object Object],[object Object] - errores: 
2025-01-22T00:32:24.113Z - ERROR: No se encontró ningún registro para actualizar. exitos: [object Object],[object Object],[object Object],[object Object],[object Object],[object Object],[object Object],[object Object],[object Object],[object Object],[object Object],[object Object],[object Object],[object Object],[object Object],[object Object],[object Object],[object Object],[object Object],[object Object],[object Object],[object Object],[object Object],[object Object],[object Object],[object Object],[object Object],[object Object],[object Object],[object Object],[object Object],[object Object],[object Object],[object Object],[object Object],[object Object],[object Object],[object Object],[object Object],[object Object],[object Object],[object Object],[object Object],[object Object],[object Object],[object Object],[object Object],[object Object],[object Object],[object Object],[object Object],[object Object],[object Object],[object Object],[object Object],[object Object],[object Object],[object Object],[object Object] - errores: 
2025-01-22T00:36:23.433Z - ERROR: No se encontró ningún registro para actualizar. exitos: [object Object],[object Object],[object Object],[object Object],[object Object],[object Object],[object Object],[object Object],[object Object],[object Object],[object Object],[object Object],[object Object],[object Object],[object Object],[object Object],[object Object],[object Object],[object Object],[object Object],[object Object],[object Object],[object Object],[object Object],[object Object],[object Object],[object Object],[object Object],[object Object],[object Object],[object Object],[object Object],[object Object],[object Object],[object Object],[object Object],[object Object],[object Object],[object Object],[object Object],[object Object],[object Object],[object Object],[object Object],[object Object],[object Object],[object Object],[object Object],[object Object],[object Object],[object Object],[object Object],[object Object],[object Object],[object Object],[object Object],[object Object],[object Object],[object Object] - errores: 
2025-01-22T11:43:53.029Z - ERROR: No se encontró ningún registro para actualizar. exitos: [object Object],[object Object],[object Object],[object Object],[object Object] - errores: 
2025-01-22T11:44:59.494Z - ERROR: No se encontró ningún registro para actualizar. exitos: [object Object],[object Object],[object Object],[object Object],[object Object],[object Object],[object Object],[object Object],[object Object],[object Object],[object Object],[object Object],[object Object],[object Object],[object Object],[object Object],[object Object],[object Object],[object Object],[object Object],[object Object],[object Object],[object Object],[object Object],[object Object],[object Object],[object Object],[object Object],[object Object],[object Object],[object Object],[object Object],[object Object],[object Object],[object Object],[object Object],[object Object],[object Object],[object Object],[object Object],[object Object],[object Object],[object Object],[object Object],[object Object],[object Object],[object Object],[object Object],[object Object],[object Object],[object Object],[object Object],[object Object],[object Object],[object Object],[object Object],[object Object],[object Object],[object Object],[object Object],[object Object],[object Object],[object Object],[object Object],[object Object],[object Object],[object Object],[object Object] - errores: 
2025-01-22T11:45:36.640Z - ERROR: No se encontró ningún registro para actualizar. exitos: [object Object],[object Object],[object Object],[object Object],[object Object],[object Object],[object Object],[object Object],[object Object],[object Object],[object Object],[object Object],[object Object],[object Object],[object Object],[object Object],[object Object],[object Object],[object Object],[object Object],[object Object],[object Object],[object Object] - errores: 
2025-01-22T11:45:53.721Z - ERROR: No se encontró ningún registro para actualizar. exitos: [object Object],[object Object],[object Object],[object Object],[object Object],[object Object],[object Object],[object Object],[object Object],[object Object],[object Object],[object Object],[object Object],[object Object],[object Object],[object Object],[object Object],[object Object],[object Object],[object Object],[object Object],[object Object],[object Object],[object Object] - errores: 
2025-01-22T12:39:29.430Z - ERROR: No se encontró ningún registro para actualizar. exitos: [object Object],[object Object],[object Object],[object Object],[object Object],[object Object],[object Object],[object Object],[object Object],[object Object],[object Object],[object Object],[object Object],[object Object],[object Object],[object Object],[object Object],[object Object],[object Object],[object Object],[object Object],[object Object],[object Object],[object Object],[object Object],[object Object],[object Object],[object Object],[object Object],[object Object],[object Object],[object Object],[object Object],[object Object],[object Object],[object Object],[object Object] - errores: 
2025-01-22T12:40:03.497Z - ERROR: No se encontró ningún registro para actualizar. exitos: [object Object],[object Object],[object Object],[object Object],[object Object],[object Object],[object Object],[object Object],[object Object],[object Object],[object Object],[object Object],[object Object],[object Object],[object Object],[object Object],[object Object],[object Object],[object Object],[object Object],[object Object],[object Object],[object Object],[object Object],[object Object],[object Object],[object Object],[object Object],[object Object],[object Object],[object Object],[object Object],[object Object],[object Object],[object Object],[object Object],[object Object],[object Object] - errores: 
2025-01-22T13:20:50.382Z - ERROR: No se encontró ningún registro para actualizar. exitos: [object Object],[object Object],[object Object],[object Object],[object Object],[object Object],[object Object],[object Object],[object Object] - errores: 
2025-01-22T13:48:20.613Z - ERROR: No se encontró ningún registro para actualizar. exitos: [object Object] - errores: 
2025-01-22T13:49:03.169Z - ERROR: No se encontró ningún registro para actualizar. exitos: [object Object],[object Object],[object Object] - errores: 
2025-01-22T14:08:26.913Z - ERROR: No se encontró ningún registro para actualizar. exitos: [object Object],[object Object],[object Object],[object Object],[object Object],[object Object],[object Object],[object Object],[object Object],[object Object],[object Object],[object Object],[object Object],[object Object],[object Object],[object Object],[object Object],[object Object],[object Object],[object Object],[object Object],[object Object],[object Object],[object Object],[object Object],[object Object],[object Object],[object Object],[object Object],[object Object],[object Object],[object Object],[object Object],[object Object],[object Object],[object Object],[object Object],[object Object],[object Object],[object Object],[object Object],[object Object],[object Object],[object Object],[object Object],[object Object],[object Object] - errores: 
2025-01-22T14:08:33.936Z - ERROR: No se encontró ningún registro para actualizar. exitos: [object Object],[object Object],[object Object],[object Object],[object Object],[object Object],[object Object],[object Object],[object Object],[object Object] - errores: 
2025-01-22T14:08:49.715Z - ERROR: No se encontró ningún registro para actualizar. exitos: [object Object],[object Object],[object Object],[object Object],[object Object],[object Object],[object Object],[object Object],[object Object],[object Object],[object Object] - errores: 
2025-01-22T14:14:51.988Z - ERROR: No se encontró ningún registro para actualizar. exitos: [object Object],[object Object],[object Object],[object Object],[object Object],[object Object],[object Object],[object Object],[object Object],[object Object],[object Object],[object Object],[object Object],[object Object],[object Object],[object Object],[object Object],[object Object],[object Object],[object Object],[object Object],[object Object],[object Object],[object Object],[object Object],[object Object],[object Object],[object Object],[object Object],[object Object],[object Object],[object Object],[object Object],[object Object],[object Object],[object Object],[object Object],[object Object],[object Object],[object Object],[object Object],[object Object],[object Object],[object Object],[object Object],[object Object],[object Object],[object Object],[object Object],[object Object],[object Object],[object Object],[object Object],[object Object],[object Object],[object Object],[object Object],[object Object],[object Object],[object Object],[object Object],[object Object],[object Object] - errores: 
2025-01-22T14:15:30.871Z - ERROR: No se encontró ningún registro para actualizar. exitos: [object Object],[object Object],[object Object],[object Object],[object Object],[object Object],[object Object],[object Object],[object Object],[object Object],[object Object],[object Object],[object Object],[object Object],[object Object],[object Object],[object Object],[object Object],[object Object],[object Object],[object Object],[object Object],[object Object],[object Object],[object Object],[object Object],[object Object],[object Object],[object Object],[object Object],[object Object],[object Object],[object Object],[object Object],[object Object],[object Object],[object Object],[object Object],[object Object],[object Object],[object Object],[object Object],[object Object],[object Object],[object Object],[object Object],[object Object],[object Object],[object Object],[object Object],[object Object],[object Object],[object Object],[object Object],[object Object],[object Object],[object Object],[object Object],[object Object],[object Object],[object Object] - errores: 
2025-01-22T14:17:15.550Z - ERROR: No se encontró ningún registro para actualizar. exitos: [object Object],[object Object] - errores: 
2025-01-22T14:21:58.049Z - ERROR: No se encontró ningún registro para actualizar. exitos: [object Object],[object Object],[object Object],[object Object],[object Object],[object Object],[object Object],[object Object],[object Object],[object Object],[object Object],[object Object],[object Object],[object Object],[object Object],[object Object],[object Object],[object Object],[object Object],[object Object],[object Object],[object Object],[object Object],[object Object],[object Object],[object Object],[object Object],[object Object],[object Object],[object Object],[object Object],[object Object],[object Object],[object Object],[object Object],[object Object],[object Object],[object Object],[object Object],[object Object],[object Object],[object Object],[object Object],[object Object],[object Object],[object Object],[object Object],[object Object],[object Object],[object Object],[object Object],[object Object],[object Object],[object Object] - errores: 
2025-01-22T14:25:54.435Z - ERROR: No se encontró ningún registro para actualizar. exitos: [object Object],[object Object],[object Object],[object Object],[object Object],[object Object],[object Object],[object Object],[object Object] - errores: 
2025-01-22T14:30:23.443Z - ERROR: No se encontró ningún registro para actualizar. exitos: [object Object],[object Object],[object Object],[object Object],[object Object],[object Object],[object Object],[object Object],[object Object],[object Object],[object Object],[object Object],[object Object],[object Object],[object Object],[object Object],[object Object],[object Object],[object Object],[object Object],[object Object],[object Object],[object Object],[object Object],[object Object],[object Object],[object Object],[object Object],[object Object],[object Object],[object Object],[object Object],[object Object],[object Object],[object Object],[object Object],[object Object],[object Object],[object Object],[object Object],[object Object],[object Object],[object Object],[object Object],[object Object],[object Object] - errores: 
2025-01-22T14:33:18.016Z - ERROR: No se encontró ningún registro para actualizar. exitos: [object Object],[object Object],[object Object],[object Object],[object Object],[object Object],[object Object],[object Object],[object Object],[object Object],[object Object] - errores: 
2025-01-22T15:09:27.278Z - ERROR: No se encontró ningún registro para actualizar. exitos: [object Object],[object Object],[object Object],[object Object],[object Object],[object Object],[object Object],[object Object],[object Object],[object Object],[object Object],[object Object],[object Object],[object Object],[object Object],[object Object],[object Object],[object Object],[object Object],[object Object],[object Object],[object Object],[object Object],[object Object],[object Object] - errores: 
2025-01-22T15:25:58.406Z - ERROR: No se encontró ningún registro para actualizar. exitos: [object Object],[object Object],[object Object],[object Object],[object Object],[object Object],[object Object],[object Object],[object Object],[object Object],[object Object],[object Object],[object Object],[object Object],[object Object],[object Object],[object Object],[object Object],[object Object],[object Object],[object Object],[object Object],[object Object],[object Object],[object Object],[object Object],[object Object],[object Object],[object Object],[object Object],[object Object],[object Object],[object Object],[object Object] - errores: 
2025-01-22T16:29:23.682Z - ERROR: No se encontró ningún registro para actualizar. exitos:  - errores: [object Object]
